2019-03-03 23:12:10.084 [ restartedMain ] - [ INFO  ] [ c.e.d.e.MyApplicationContextInitializer2 : 19 ] - bean name is:org.springframework.context.annotation.internalConfigurationAnnotationProcessor
2019-03-03 23:12:10.097 [ restartedMain ] - [ INFO  ] [ c.e.d.e.MyApplicationContextInitializer2 : 19 ] - bean name is:org.springframework.context.annotation.internalAutowiredAnnotationProcessor
2019-03-03 23:12:10.098 [ restartedMain ] - [ INFO  ] [ c.e.d.e.MyApplicationContextInitializer2 : 19 ] - bean name is:org.springframework.context.annotation.internalCommonAnnotationProcessor
2019-03-03 23:12:10.099 [ restartedMain ] - [ INFO  ] [ c.e.d.e.MyApplicationContextInitializer2 : 19 ] - bean name is:org.springframework.context.annotation.internalPersistenceAnnotationProcessor
2019-03-03 23:12:10.100 [ restartedMain ] - [ INFO  ] [ c.e.d.e.MyApplicationContextInitializer2 : 19 ] - bean name is:org.springframework.context.event.internalEventListenerProcessor
2019-03-03 23:12:10.101 [ restartedMain ] - [ INFO  ] [ c.e.d.e.MyApplicationContextInitializer2 : 19 ] - bean name is:org.springframework.context.event.internalEventListenerFactory
2019-03-03 23:12:10.107 [ restartedMain ] - [ INFO  ] [ c.e.d.e.MyApplicationContextInitializer3 : 18 ] - ****:6
2019-03-03 23:12:10.118 [ restartedMain ] - [ INFO  ] [ c.e.d.e.MyApplicationContextInitializer : 18 ] - bean count:6
2019-03-03 23:12:10.130 [ restartedMain ] - [ INFO  ] [ com.example.demo.DemoApplication : 50 ] - Starting DemoApplication on LAPTOP-DKU2JHJT with PID 18472 (F:\IDEA_WorkSpace\demo\target\classes started by zhaoyue in F:\IDEA_WorkSpace\demo)
2019-03-03 23:12:10.131 [ restartedMain ] - [ INFO  ] [ com.example.demo.DemoApplication : 679 ] - The following profiles are active: dev
2019-03-03 23:12:16.725 [ restartedMain ] - [ INFO  ] [ com.example.demo.tomcat.WebServerConfiguration : 26 ] - 自定义配置tomcat启用
2019-03-03 23:12:17.289 [ restartedMain ] - [ INFO  ] [ org.apache.coyote.http11.Http11NioProtocol : 173 ] - Initializing ProtocolHandler ["http-nio-192.168.81.1-8079"]
2019-03-03 23:12:17.320 [ restartedMain ] - [ INFO  ] [ org.apache.catalina.core.StandardService : 173 ] - Starting service [Tomcat]
2019-03-03 23:12:17.321 [ restartedMain ] - [ INFO  ] [ org.apache.catalina.core.StandardEngine : 173 ] - Starting Servlet engine: [Apache Tomcat/9.0.16]
2019-03-03 23:12:17.355 [ restartedMain ] - [ INFO  ] [ org.apache.catalina.core.AprLifecycleListener : 173 ] - The APR based Apache Tomcat Native library which allows optimal performance in production environments was not found on the java.library.path: [C:\Program Files\Java\jdk1.8.0_202\bin;C:\Windows\Sun\Java\bin;C:\Windows\system32;C:\Windows;F:\apache-maven-3.6.0\bin\;C:\Program Files (x86)\Common Files\Oracle\Java\javapath;C:\Program Files (x86)\Intel\Intel(R) Management Engine Components\iCLS\;C:\Program Files\Intel\Intel(R) Management Engine Components\iCLS\;C:\Windows\system32;C:\Windows;C:\Windows\System32\Wbem;C:\Windows\System32\WindowsPowerShell\v1.0\;C:\Windows\System32\OpenSSH\;C:\Program Files (x86)\Intel\Intel(R) Management Engine Components\DAL;C:\Program Files\Intel\Intel(R) Management Engine Components\DAL;C:\Program Files (x86)\Intel\Intel(R) Management Engine Components\IPT;C:\Program Files\Intel\Intel(R) Management Engine Components\IPT;C:\Program Files (x86)\NVIDIA Corporation\PhysX\Common;%JAVA_HOME%\bin;%JAVA_HOME%\jre\bin;C:\Program Files\MySQL\MySQL Utilities 1.6\;%CATALINA_HOME%\bin;%CATALINA_HOME%\lib;E:\nodeJs\安装目录\;E:\Git\cmd;F:\Redis\安装目录\;F:\MongoDB\bin;C:\Users\zhaoyue\AppData\Local\Microsoft\WindowsApps;;D:\IntelliJIDEA2018.3.4\IntelliJ IDEA 2018.3.4\bin;;C:\Users\zhaoyue\AppData\Roaming\npm;.]
2019-03-03 23:12:18.003 [ restartedMain ] - [ INFO  ] [ o.a.c.core.ContainerBase.[Tomcat].[localhost].[/] : 173 ] - Initializing Spring embedded WebApplicationContext
2019-03-03 23:12:20.284 [ restartedMain ] - [ INFO  ] [ com.alibaba.druid.pool.DruidDataSource : 947 ] - {dataSource-1} inited
2019-03-03 23:12:20.657 [ restartedMain ] - [ INFO  ] [ org.hibernate.jpa.internal.util.LogHelper : 31 ] - HHH000204: Processing PersistenceUnitInfo [
	name: default
	...]
2019-03-03 23:12:20.893 [ restartedMain ] - [ INFO  ] [ org.hibernate.Version : 46 ] - HHH000412: Hibernate Core {5.3.7.Final}
2019-03-03 23:12:20.899 [ restartedMain ] - [ INFO  ] [ org.hibernate.cfg.Environment : 213 ] - HHH000206: hibernate.properties not found
2019-03-03 23:12:21.366 [ restartedMain ] - [ INFO  ] [ org.hibernate.annotations.common.Version : 49 ] - HCANN000001: Hibernate Commons Annotations {5.0.4.Final}
2019-03-03 23:12:21.725 [ restartedMain ] - [ INFO  ] [ org.hibernate.dialect.Dialect : 157 ] - HHH000400: Using dialect: org.hibernate.dialect.MySQLDialect
2019-03-03 23:12:28.916 [ restartedMain ] - [ INFO  ] [ org.mongodb.driver.cluster : 71 ] - Cluster created with settings {hosts=[localhost:27017], mode=SINGLE, requiredClusterType=UNKNOWN, serverSelectionTimeout='30000 ms', maxWaitQueueSize=500}
2019-03-03 23:12:29.103 [ cluster-ClusterId{value='5c7beedc894877482827e92f', description='null'}-localhost:27017 ] - [ INFO  ] [ org.mongodb.driver.connection : 71 ] - Opened connection [connectionId{localValue:1, serverValue:16}] to localhost:27017
2019-03-03 23:12:29.116 [ cluster-ClusterId{value='5c7beedc894877482827e92f', description='null'}-localhost:27017 ] - [ INFO  ] [ org.mongodb.driver.cluster : 71 ] - Monitor thread successfully connected to server with description ServerDescription{address=localhost:27017, type=STANDALONE, state=CONNECTED, ok=true, version=ServerVersion{versionList=[4, 0, 6]}, minWireVersion=0, maxWireVersion=7, maxDocumentSize=16777216, logicalSessionTimeoutMinutes=30, roundTripTimeNanos=7861337}
2019-03-03 23:12:31.535 [ restartedMain ] - [ INFO  ] [ org.apache.coyote.http11.Http11NioProtocol : 173 ] - Starting ProtocolHandler ["http-nio-192.168.81.1-8079"]
2019-03-03 23:12:31.579 [ restartedMain ] - [ INFO  ] [ com.example.demo.DemoApplication : 59 ] - Started DemoApplication in 23.066 seconds (JVM running for 25.375)
2019-03-03 23:12:31.584 [ restartedMain ] - [ INFO  ] [ c.e.demo.extendedanalysis.MyCommandLineRunner : 21 ] - 应用已启动
2019-03-03 23:12:31.586 [ restartedMain ] - [ INFO  ] [ com.example.demo.event.MyEventHandle : 22 ] - MyEventHandle接收到事件：class com.example.demo.event.MyApplicationEvent
2019-03-03 23:12:31.587 [ restartedMain ] - [ INFO  ] [ com.example.demo.event.MyApplicationListener : 19 ] - MyApplicationListener接收到事件：class com.example.demo.event.MyApplicationEvent
2019-03-03 23:18:16.334 [ restartedMain ] - [ INFO  ] [ c.e.d.e.MyApplicationContextInitializer2 : 19 ] - bean name is:org.springframework.context.annotation.internalConfigurationAnnotationProcessor
2019-03-03 23:18:16.347 [ restartedMain ] - [ INFO  ] [ c.e.d.e.MyApplicationContextInitializer2 : 19 ] - bean name is:org.springframework.context.annotation.internalAutowiredAnnotationProcessor
2019-03-03 23:18:16.348 [ restartedMain ] - [ INFO  ] [ c.e.d.e.MyApplicationContextInitializer2 : 19 ] - bean name is:org.springframework.context.annotation.internalCommonAnnotationProcessor
2019-03-03 23:18:16.349 [ restartedMain ] - [ INFO  ] [ c.e.d.e.MyApplicationContextInitializer2 : 19 ] - bean name is:org.springframework.context.annotation.internalPersistenceAnnotationProcessor
2019-03-03 23:18:16.350 [ restartedMain ] - [ INFO  ] [ c.e.d.e.MyApplicationContextInitializer2 : 19 ] - bean name is:org.springframework.context.event.internalEventListenerProcessor
2019-03-03 23:18:16.351 [ restartedMain ] - [ INFO  ] [ c.e.d.e.MyApplicationContextInitializer2 : 19 ] - bean name is:org.springframework.context.event.internalEventListenerFactory
2019-03-03 23:18:16.355 [ restartedMain ] - [ INFO  ] [ c.e.d.e.MyApplicationContextInitializer3 : 18 ] - ****:6
2019-03-03 23:18:16.364 [ restartedMain ] - [ INFO  ] [ c.e.d.e.MyApplicationContextInitializer : 18 ] - bean count:6
2019-03-03 23:18:16.373 [ restartedMain ] - [ INFO  ] [ com.example.demo.DemoApplication : 50 ] - Starting DemoApplication on LAPTOP-DKU2JHJT with PID 21752 (F:\IDEA_WorkSpace\demo\target\classes started by zhaoyue in F:\IDEA_WorkSpace\demo)
2019-03-03 23:18:16.374 [ restartedMain ] - [ INFO  ] [ com.example.demo.DemoApplication : 679 ] - The following profiles are active: dev
2019-03-03 23:18:23.159 [ restartedMain ] - [ INFO  ] [ com.example.demo.tomcat.WebServerConfiguration : 26 ] - 自定义配置tomcat启用
2019-03-03 23:18:23.675 [ restartedMain ] - [ INFO  ] [ org.apache.coyote.http11.Http11NioProtocol : 173 ] - Initializing ProtocolHandler ["http-nio-192.168.81.1-8079"]
2019-03-03 23:18:23.707 [ restartedMain ] - [ INFO  ] [ org.apache.catalina.core.StandardService : 173 ] - Starting service [Tomcat]
2019-03-03 23:18:23.708 [ restartedMain ] - [ INFO  ] [ org.apache.catalina.core.StandardEngine : 173 ] - Starting Servlet engine: [Apache Tomcat/9.0.16]
2019-03-03 23:18:23.731 [ restartedMain ] - [ INFO  ] [ org.apache.catalina.core.AprLifecycleListener : 173 ] - The APR based Apache Tomcat Native library which allows optimal performance in production environments was not found on the java.library.path: [C:\Program Files\Java\jdk1.8.0_202\bin;C:\Windows\Sun\Java\bin;C:\Windows\system32;C:\Windows;F:\apache-maven-3.6.0\bin\;C:\Program Files (x86)\Common Files\Oracle\Java\javapath;C:\Program Files (x86)\Intel\Intel(R) Management Engine Components\iCLS\;C:\Program Files\Intel\Intel(R) Management Engine Components\iCLS\;C:\Windows\system32;C:\Windows;C:\Windows\System32\Wbem;C:\Windows\System32\WindowsPowerShell\v1.0\;C:\Windows\System32\OpenSSH\;C:\Program Files (x86)\Intel\Intel(R) Management Engine Components\DAL;C:\Program Files\Intel\Intel(R) Management Engine Components\DAL;C:\Program Files (x86)\Intel\Intel(R) Management Engine Components\IPT;C:\Program Files\Intel\Intel(R) Management Engine Components\IPT;C:\Program Files (x86)\NVIDIA Corporation\PhysX\Common;%JAVA_HOME%\bin;%JAVA_HOME%\jre\bin;C:\Program Files\MySQL\MySQL Utilities 1.6\;%CATALINA_HOME%\bin;%CATALINA_HOME%\lib;E:\nodeJs\安装目录\;E:\Git\cmd;F:\Redis\安装目录\;F:\MongoDB\bin;C:\Users\zhaoyue\AppData\Local\Microsoft\WindowsApps;;D:\IntelliJIDEA2018.3.4\IntelliJ IDEA 2018.3.4\bin;;C:\Users\zhaoyue\AppData\Roaming\npm;.]
2019-03-03 23:18:24.321 [ restartedMain ] - [ INFO  ] [ o.a.c.core.ContainerBase.[Tomcat].[localhost].[/] : 173 ] - Initializing Spring embedded WebApplicationContext
2019-03-03 23:18:25.733 [ restartedMain ] - [ INFO  ] [ com.alibaba.druid.pool.DruidDataSource : 947 ] - {dataSource-1} inited
2019-03-03 23:36:50.715 [ restartedMain ] - [ INFO  ] [ c.e.d.e.MyApplicationContextInitializer2 : 19 ] - bean name is:org.springframework.context.annotation.internalConfigurationAnnotationProcessor
2019-03-03 23:36:50.742 [ restartedMain ] - [ INFO  ] [ c.e.d.e.MyApplicationContextInitializer2 : 19 ] - bean name is:org.springframework.context.annotation.internalAutowiredAnnotationProcessor
2019-03-03 23:36:50.743 [ restartedMain ] - [ INFO  ] [ c.e.d.e.MyApplicationContextInitializer2 : 19 ] - bean name is:org.springframework.context.annotation.internalCommonAnnotationProcessor
2019-03-03 23:36:50.743 [ restartedMain ] - [ INFO  ] [ c.e.d.e.MyApplicationContextInitializer2 : 19 ] - bean name is:org.springframework.context.annotation.internalPersistenceAnnotationProcessor
2019-03-03 23:36:50.744 [ restartedMain ] - [ INFO  ] [ c.e.d.e.MyApplicationContextInitializer2 : 19 ] - bean name is:org.springframework.context.event.internalEventListenerProcessor
2019-03-03 23:36:50.745 [ restartedMain ] - [ INFO  ] [ c.e.d.e.MyApplicationContextInitializer2 : 19 ] - bean name is:org.springframework.context.event.internalEventListenerFactory
2019-03-03 23:36:50.750 [ restartedMain ] - [ INFO  ] [ c.e.d.e.MyApplicationContextInitializer3 : 18 ] - ****:6
2019-03-03 23:36:50.761 [ restartedMain ] - [ INFO  ] [ c.e.d.e.MyApplicationContextInitializer : 18 ] - bean count:6
2019-03-03 23:36:50.777 [ restartedMain ] - [ INFO  ] [ com.example.demo.DemoApplication : 50 ] - Starting DemoApplication on LAPTOP-DKU2JHJT with PID 22768 (F:\IDEA_WorkSpace\demo\target\classes started by zhaoyue in F:\IDEA_WorkSpace\demo)
2019-03-03 23:36:50.778 [ restartedMain ] - [ INFO  ] [ com.example.demo.DemoApplication : 679 ] - The following profiles are active: dev
2019-03-03 23:36:58.615 [ restartedMain ] - [ INFO  ] [ com.example.demo.tomcat.WebServerConfiguration : 26 ] - 自定义配置tomcat启用
2019-03-03 23:36:59.187 [ restartedMain ] - [ INFO  ] [ org.apache.coyote.http11.Http11NioProtocol : 173 ] - Initializing ProtocolHandler ["http-nio-192.168.81.1-8079"]
2019-03-03 23:36:59.214 [ restartedMain ] - [ INFO  ] [ org.apache.catalina.core.StandardService : 173 ] - Starting service [Tomcat]
2019-03-03 23:36:59.215 [ restartedMain ] - [ INFO  ] [ org.apache.catalina.core.StandardEngine : 173 ] - Starting Servlet engine: [Apache Tomcat/9.0.16]
2019-03-03 23:36:59.305 [ restartedMain ] - [ INFO  ] [ org.apache.catalina.core.AprLifecycleListener : 173 ] - The APR based Apache Tomcat Native library which allows optimal performance in production environments was not found on the java.library.path: [C:\Program Files\Java\jdk1.8.0_202\bin;C:\Windows\Sun\Java\bin;C:\Windows\system32;C:\Windows;F:\apache-maven-3.6.0\bin\;C:\Program Files (x86)\Common Files\Oracle\Java\javapath;C:\Program Files (x86)\Intel\Intel(R) Management Engine Components\iCLS\;C:\Program Files\Intel\Intel(R) Management Engine Components\iCLS\;C:\Windows\system32;C:\Windows;C:\Windows\System32\Wbem;C:\Windows\System32\WindowsPowerShell\v1.0\;C:\Windows\System32\OpenSSH\;C:\Program Files (x86)\Intel\Intel(R) Management Engine Components\DAL;C:\Program Files\Intel\Intel(R) Management Engine Components\DAL;C:\Program Files (x86)\Intel\Intel(R) Management Engine Components\IPT;C:\Program Files\Intel\Intel(R) Management Engine Components\IPT;C:\Program Files (x86)\NVIDIA Corporation\PhysX\Common;%JAVA_HOME%\bin;%JAVA_HOME%\jre\bin;C:\Program Files\MySQL\MySQL Utilities 1.6\;%CATALINA_HOME%\bin;%CATALINA_HOME%\lib;E:\nodeJs\安装目录\;E:\Git\cmd;F:\Redis\安装目录\;F:\MongoDB\bin;C:\Users\zhaoyue\AppData\Local\Microsoft\WindowsApps;;D:\IntelliJIDEA2018.3.4\IntelliJ IDEA 2018.3.4\bin;;C:\Users\zhaoyue\AppData\Roaming\npm;.]
2019-03-03 23:37:00.019 [ restartedMain ] - [ INFO  ] [ o.a.c.core.ContainerBase.[Tomcat].[localhost].[/] : 173 ] - Initializing Spring embedded WebApplicationContext
2019-03-03 23:37:01.737 [ restartedMain ] - [ INFO  ] [ com.alibaba.druid.pool.DruidDataSource : 947 ] - {dataSource-1} inited
2019-03-03 23:37:02.188 [ restartedMain ] - [ INFO  ] [ org.hibernate.jpa.internal.util.LogHelper : 31 ] - HHH000204: Processing PersistenceUnitInfo [
	name: default
	...]
2019-03-03 23:37:02.532 [ restartedMain ] - [ INFO  ] [ org.hibernate.Version : 46 ] - HHH000412: Hibernate Core {5.3.7.Final}
2019-03-03 23:37:02.538 [ restartedMain ] - [ INFO  ] [ org.hibernate.cfg.Environment : 213 ] - HHH000206: hibernate.properties not found
2019-03-03 23:37:03.215 [ restartedMain ] - [ INFO  ] [ org.hibernate.annotations.common.Version : 49 ] - HCANN000001: Hibernate Commons Annotations {5.0.4.Final}
2019-03-03 23:37:03.755 [ restartedMain ] - [ INFO  ] [ org.hibernate.dialect.Dialect : 157 ] - HHH000400: Using dialect: org.hibernate.dialect.MySQLDialect
2019-03-03 23:37:12.482 [ restartedMain ] - [ INFO  ] [ org.mongodb.driver.cluster : 71 ] - Cluster created with settings {hosts=[localhost:27017], mode=SINGLE, requiredClusterType=UNKNOWN, serverSelectionTimeout='30000 ms', maxWaitQueueSize=500}
2019-03-03 23:37:12.788 [ cluster-ClusterId{value='5c7bf4a889487758f04bb995', description='null'}-localhost:27017 ] - [ INFO  ] [ org.mongodb.driver.connection : 71 ] - Opened connection [connectionId{localValue:1, serverValue:17}] to localhost:27017
2019-03-03 23:37:12.801 [ cluster-ClusterId{value='5c7bf4a889487758f04bb995', description='null'}-localhost:27017 ] - [ INFO  ] [ org.mongodb.driver.cluster : 71 ] - Monitor thread successfully connected to server with description ServerDescription{address=localhost:27017, type=STANDALONE, state=CONNECTED, ok=true, version=ServerVersion{versionList=[4, 0, 6]}, minWireVersion=0, maxWireVersion=7, maxDocumentSize=16777216, logicalSessionTimeoutMinutes=30, roundTripTimeNanos=9020758}
2019-03-03 23:37:15.547 [ restartedMain ] - [ INFO  ] [ org.apache.coyote.http11.Http11NioProtocol : 173 ] - Starting ProtocolHandler ["http-nio-192.168.81.1-8079"]
2019-03-03 23:37:15.595 [ restartedMain ] - [ INFO  ] [ com.example.demo.DemoApplication : 59 ] - Started DemoApplication in 26.863 seconds (JVM running for 30.341)
2019-03-03 23:37:15.599 [ restartedMain ] - [ INFO  ] [ c.e.demo.extendedanalysis.MyCommandLineRunner : 21 ] - 应用已启动
2019-03-03 23:37:15.603 [ restartedMain ] - [ INFO  ] [ com.example.demo.event.MyEventHandle : 22 ] - MyEventHandle接收到事件：class com.example.demo.event.MyApplicationEvent
2019-03-03 23:37:15.604 [ restartedMain ] - [ INFO  ] [ com.example.demo.event.MyApplicationListener : 19 ] - MyApplicationListener接收到事件：class com.example.demo.event.MyApplicationEvent
2019-03-03 23:38:07.744 [ http-nio-192.168.81.1-8079-exec-1 ] - [ INFO  ] [ o.a.c.core.ContainerBase.[Tomcat].[localhost].[/] : 173 ] - Initializing Spring DispatcherServlet 'dispatcherServlet'
2019-03-03 23:40:59.339 [ restartedMain ] - [ INFO  ] [ c.e.d.e.MyApplicationContextInitializer2 : 19 ] - bean name is:org.springframework.context.annotation.internalConfigurationAnnotationProcessor
2019-03-03 23:40:59.351 [ restartedMain ] - [ INFO  ] [ c.e.d.e.MyApplicationContextInitializer2 : 19 ] - bean name is:org.springframework.context.annotation.internalAutowiredAnnotationProcessor
2019-03-03 23:40:59.351 [ restartedMain ] - [ INFO  ] [ c.e.d.e.MyApplicationContextInitializer2 : 19 ] - bean name is:org.springframework.context.annotation.internalCommonAnnotationProcessor
2019-03-03 23:40:59.352 [ restartedMain ] - [ INFO  ] [ c.e.d.e.MyApplicationContextInitializer2 : 19 ] - bean name is:org.springframework.context.annotation.internalPersistenceAnnotationProcessor
2019-03-03 23:40:59.352 [ restartedMain ] - [ INFO  ] [ c.e.d.e.MyApplicationContextInitializer2 : 19 ] - bean name is:org.springframework.context.event.internalEventListenerProcessor
2019-03-03 23:40:59.353 [ restartedMain ] - [ INFO  ] [ c.e.d.e.MyApplicationContextInitializer2 : 19 ] - bean name is:org.springframework.context.event.internalEventListenerFactory
2019-03-03 23:40:59.363 [ restartedMain ] - [ INFO  ] [ c.e.d.e.MyApplicationContextInitializer3 : 18 ] - ****:6
2019-03-03 23:40:59.375 [ restartedMain ] - [ INFO  ] [ c.e.d.e.MyApplicationContextInitializer : 18 ] - bean count:6
2019-03-03 23:40:59.387 [ restartedMain ] - [ INFO  ] [ com.example.demo.DemoApplication : 50 ] - Starting DemoApplication on LAPTOP-DKU2JHJT with PID 8928 (F:\IDEA_WorkSpace\demo\target\classes started by zhaoyue in F:\IDEA_WorkSpace\demo)
2019-03-03 23:40:59.388 [ restartedMain ] - [ INFO  ] [ com.example.demo.DemoApplication : 679 ] - The following profiles are active: dev
2019-03-03 23:41:06.766 [ restartedMain ] - [ INFO  ] [ com.example.demo.tomcat.WebServerConfiguration : 26 ] - 自定义配置tomcat启用
2019-03-03 23:41:07.286 [ restartedMain ] - [ INFO  ] [ org.apache.coyote.http11.Http11NioProtocol : 173 ] - Initializing ProtocolHandler ["http-nio-192.168.81.1-8079"]
2019-03-03 23:41:07.318 [ restartedMain ] - [ INFO  ] [ org.apache.catalina.core.StandardService : 173 ] - Starting service [Tomcat]
2019-03-03 23:41:07.319 [ restartedMain ] - [ INFO  ] [ org.apache.catalina.core.StandardEngine : 173 ] - Starting Servlet engine: [Apache Tomcat/9.0.16]
2019-03-03 23:41:07.344 [ restartedMain ] - [ INFO  ] [ org.apache.catalina.core.AprLifecycleListener : 173 ] - The APR based Apache Tomcat Native library which allows optimal performance in production environments was not found on the java.library.path: [C:\Program Files\Java\jdk1.8.0_202\bin;C:\Windows\Sun\Java\bin;C:\Windows\system32;C:\Windows;F:\apache-maven-3.6.0\bin\;C:\Program Files (x86)\Common Files\Oracle\Java\javapath;C:\Program Files (x86)\Intel\Intel(R) Management Engine Components\iCLS\;C:\Program Files\Intel\Intel(R) Management Engine Components\iCLS\;C:\Windows\system32;C:\Windows;C:\Windows\System32\Wbem;C:\Windows\System32\WindowsPowerShell\v1.0\;C:\Windows\System32\OpenSSH\;C:\Program Files (x86)\Intel\Intel(R) Management Engine Components\DAL;C:\Program Files\Intel\Intel(R) Management Engine Components\DAL;C:\Program Files (x86)\Intel\Intel(R) Management Engine Components\IPT;C:\Program Files\Intel\Intel(R) Management Engine Components\IPT;C:\Program Files (x86)\NVIDIA Corporation\PhysX\Common;%JAVA_HOME%\bin;%JAVA_HOME%\jre\bin;C:\Program Files\MySQL\MySQL Utilities 1.6\;%CATALINA_HOME%\bin;%CATALINA_HOME%\lib;E:\nodeJs\安装目录\;E:\Git\cmd;F:\Redis\安装目录\;F:\MongoDB\bin;C:\Users\zhaoyue\AppData\Local\Microsoft\WindowsApps;;D:\IntelliJIDEA2018.3.4\IntelliJ IDEA 2018.3.4\bin;;C:\Users\zhaoyue\AppData\Roaming\npm;.]
2019-03-03 23:41:07.916 [ restartedMain ] - [ INFO  ] [ o.a.c.core.ContainerBase.[Tomcat].[localhost].[/] : 173 ] - Initializing Spring embedded WebApplicationContext
2019-03-03 23:41:09.415 [ restartedMain ] - [ INFO  ] [ com.alibaba.druid.pool.DruidDataSource : 947 ] - {dataSource-1} inited
2019-03-03 23:41:09.858 [ restartedMain ] - [ INFO  ] [ org.hibernate.jpa.internal.util.LogHelper : 31 ] - HHH000204: Processing PersistenceUnitInfo [
	name: default
	...]
2019-03-03 23:41:10.021 [ restartedMain ] - [ INFO  ] [ org.hibernate.Version : 46 ] - HHH000412: Hibernate Core {5.3.7.Final}
2019-03-03 23:41:10.026 [ restartedMain ] - [ INFO  ] [ org.hibernate.cfg.Environment : 213 ] - HHH000206: hibernate.properties not found
2019-03-03 23:41:10.461 [ restartedMain ] - [ INFO  ] [ org.hibernate.annotations.common.Version : 49 ] - HCANN000001: Hibernate Commons Annotations {5.0.4.Final}
2019-03-03 23:41:10.855 [ restartedMain ] - [ INFO  ] [ org.hibernate.dialect.Dialect : 157 ] - HHH000400: Using dialect: org.hibernate.dialect.MySQLDialect
2019-03-03 23:41:17.718 [ restartedMain ] - [ INFO  ] [ org.mongodb.driver.cluster : 71 ] - Cluster created with settings {hosts=[localhost:27017], mode=SINGLE, requiredClusterType=UNKNOWN, serverSelectionTimeout='30000 ms', maxWaitQueueSize=500}
2019-03-03 23:41:17.844 [ cluster-ClusterId{value='5c7bf59d89487722e0599353', description='null'}-localhost:27017 ] - [ INFO  ] [ org.mongodb.driver.connection : 71 ] - Opened connection [connectionId{localValue:1, serverValue:18}] to localhost:27017
2019-03-03 23:41:17.855 [ cluster-ClusterId{value='5c7bf59d89487722e0599353', description='null'}-localhost:27017 ] - [ INFO  ] [ org.mongodb.driver.cluster : 71 ] - Monitor thread successfully connected to server with description ServerDescription{address=localhost:27017, type=STANDALONE, state=CONNECTED, ok=true, version=ServerVersion{versionList=[4, 0, 6]}, minWireVersion=0, maxWireVersion=7, maxDocumentSize=16777216, logicalSessionTimeoutMinutes=30, roundTripTimeNanos=7356757}
2019-03-03 23:41:20.502 [ restartedMain ] - [ INFO  ] [ org.apache.coyote.http11.Http11NioProtocol : 173 ] - Starting ProtocolHandler ["http-nio-192.168.81.1-8079"]
2019-03-03 23:41:20.543 [ restartedMain ] - [ INFO  ] [ com.example.demo.DemoApplication : 59 ] - Started DemoApplication in 22.959 seconds (JVM running for 26.121)
2019-03-03 23:41:20.547 [ restartedMain ] - [ INFO  ] [ c.e.demo.extendedanalysis.MyCommandLineRunner : 21 ] - 应用已启动
2019-03-03 23:41:20.551 [ restartedMain ] - [ INFO  ] [ com.example.demo.event.MyEventHandle : 22 ] - MyEventHandle接收到事件：class com.example.demo.event.MyApplicationEvent
2019-03-03 23:41:20.552 [ restartedMain ] - [ INFO  ] [ com.example.demo.event.MyApplicationListener : 19 ] - MyApplicationListener接收到事件：class com.example.demo.event.MyApplicationEvent
2019-03-03 23:44:26.620 [ restartedMain ] - [ INFO  ] [ c.e.d.e.MyApplicationContextInitializer2 : 19 ] - bean name is:org.springframework.context.annotation.internalConfigurationAnnotationProcessor
2019-03-03 23:44:26.636 [ restartedMain ] - [ INFO  ] [ c.e.d.e.MyApplicationContextInitializer2 : 19 ] - bean name is:org.springframework.context.annotation.internalAutowiredAnnotationProcessor
2019-03-03 23:44:26.637 [ restartedMain ] - [ INFO  ] [ c.e.d.e.MyApplicationContextInitializer2 : 19 ] - bean name is:org.springframework.context.annotation.internalCommonAnnotationProcessor
2019-03-03 23:44:26.639 [ restartedMain ] - [ INFO  ] [ c.e.d.e.MyApplicationContextInitializer2 : 19 ] - bean name is:org.springframework.context.annotation.internalPersistenceAnnotationProcessor
2019-03-03 23:44:26.639 [ restartedMain ] - [ INFO  ] [ c.e.d.e.MyApplicationContextInitializer2 : 19 ] - bean name is:org.springframework.context.event.internalEventListenerProcessor
2019-03-03 23:44:26.640 [ restartedMain ] - [ INFO  ] [ c.e.d.e.MyApplicationContextInitializer2 : 19 ] - bean name is:org.springframework.context.event.internalEventListenerFactory
2019-03-03 23:44:26.645 [ restartedMain ] - [ INFO  ] [ c.e.d.e.MyApplicationContextInitializer3 : 18 ] - ****:6
2019-03-03 23:44:26.661 [ restartedMain ] - [ INFO  ] [ c.e.d.e.MyApplicationContextInitializer : 18 ] - bean count:6
2019-03-03 23:44:26.673 [ restartedMain ] - [ INFO  ] [ com.example.demo.DemoApplication : 50 ] - Starting DemoApplication on LAPTOP-DKU2JHJT with PID 16968 (F:\IDEA_WorkSpace\demo\target\classes started by zhaoyue in F:\IDEA_WorkSpace\demo)
2019-03-03 23:44:26.673 [ restartedMain ] - [ INFO  ] [ com.example.demo.DemoApplication : 679 ] - The following profiles are active: dev
2019-03-03 23:44:34.589 [ restartedMain ] - [ INFO  ] [ com.example.demo.tomcat.WebServerConfiguration : 26 ] - 自定义配置tomcat启用
2019-03-03 23:44:35.142 [ restartedMain ] - [ INFO  ] [ org.apache.coyote.http11.Http11NioProtocol : 173 ] - Initializing ProtocolHandler ["http-nio-192.168.81.1-8079"]
2019-03-03 23:44:35.164 [ restartedMain ] - [ INFO  ] [ org.apache.catalina.core.StandardService : 173 ] - Starting service [Tomcat]
2019-03-03 23:44:35.165 [ restartedMain ] - [ INFO  ] [ org.apache.catalina.core.StandardEngine : 173 ] - Starting Servlet engine: [Apache Tomcat/9.0.16]
2019-03-03 23:44:35.186 [ restartedMain ] - [ INFO  ] [ org.apache.catalina.core.AprLifecycleListener : 173 ] - The APR based Apache Tomcat Native library which allows optimal performance in production environments was not found on the java.library.path: [C:\Program Files\Java\jdk1.8.0_202\bin;C:\Windows\Sun\Java\bin;C:\Windows\system32;C:\Windows;F:\apache-maven-3.6.0\bin\;C:\Program Files (x86)\Common Files\Oracle\Java\javapath;C:\Program Files (x86)\Intel\Intel(R) Management Engine Components\iCLS\;C:\Program Files\Intel\Intel(R) Management Engine Components\iCLS\;C:\Windows\system32;C:\Windows;C:\Windows\System32\Wbem;C:\Windows\System32\WindowsPowerShell\v1.0\;C:\Windows\System32\OpenSSH\;C:\Program Files (x86)\Intel\Intel(R) Management Engine Components\DAL;C:\Program Files\Intel\Intel(R) Management Engine Components\DAL;C:\Program Files (x86)\Intel\Intel(R) Management Engine Components\IPT;C:\Program Files\Intel\Intel(R) Management Engine Components\IPT;C:\Program Files (x86)\NVIDIA Corporation\PhysX\Common;%JAVA_HOME%\bin;%JAVA_HOME%\jre\bin;C:\Program Files\MySQL\MySQL Utilities 1.6\;%CATALINA_HOME%\bin;%CATALINA_HOME%\lib;E:\nodeJs\安装目录\;E:\Git\cmd;F:\Redis\安装目录\;F:\MongoDB\bin;C:\Users\zhaoyue\AppData\Local\Microsoft\WindowsApps;;D:\IntelliJIDEA2018.3.4\IntelliJ IDEA 2018.3.4\bin;;C:\Users\zhaoyue\AppData\Roaming\npm;.]
2019-03-03 23:44:35.764 [ restartedMain ] - [ INFO  ] [ o.a.c.core.ContainerBase.[Tomcat].[localhost].[/] : 173 ] - Initializing Spring embedded WebApplicationContext
2019-03-03 23:44:37.264 [ restartedMain ] - [ INFO  ] [ com.alibaba.druid.pool.DruidDataSource : 947 ] - {dataSource-1} inited
2019-03-03 23:44:37.716 [ restartedMain ] - [ INFO  ] [ org.hibernate.jpa.internal.util.LogHelper : 31 ] - HHH000204: Processing PersistenceUnitInfo [
	name: default
	...]
2019-03-03 23:44:37.908 [ restartedMain ] - [ INFO  ] [ org.hibernate.Version : 46 ] - HHH000412: Hibernate Core {5.3.7.Final}
2019-03-03 23:44:37.912 [ restartedMain ] - [ INFO  ] [ org.hibernate.cfg.Environment : 213 ] - HHH000206: hibernate.properties not found
2019-03-03 23:44:38.354 [ restartedMain ] - [ INFO  ] [ org.hibernate.annotations.common.Version : 49 ] - HCANN000001: Hibernate Commons Annotations {5.0.4.Final}
2019-03-03 23:44:38.808 [ restartedMain ] - [ INFO  ] [ org.hibernate.dialect.Dialect : 157 ] - HHH000400: Using dialect: org.hibernate.dialect.MySQLDialect
2019-03-03 23:44:45.933 [ restartedMain ] - [ INFO  ] [ org.mongodb.driver.cluster : 71 ] - Cluster created with settings {hosts=[localhost:27017], mode=SINGLE, requiredClusterType=UNKNOWN, serverSelectionTimeout='30000 ms', maxWaitQueueSize=500}
2019-03-03 23:44:46.075 [ cluster-ClusterId{value='5c7bf66d8948774248d23fd4', description='null'}-localhost:27017 ] - [ INFO  ] [ org.mongodb.driver.connection : 71 ] - Opened connection [connectionId{localValue:1, serverValue:19}] to localhost:27017
2019-03-03 23:44:46.086 [ cluster-ClusterId{value='5c7bf66d8948774248d23fd4', description='null'}-localhost:27017 ] - [ INFO  ] [ org.mongodb.driver.cluster : 71 ] - Monitor thread successfully connected to server with description ServerDescription{address=localhost:27017, type=STANDALONE, state=CONNECTED, ok=true, version=ServerVersion{versionList=[4, 0, 6]}, minWireVersion=0, maxWireVersion=7, maxDocumentSize=16777216, logicalSessionTimeoutMinutes=30, roundTripTimeNanos=7277452}
2019-03-03 23:44:48.362 [ restartedMain ] - [ INFO  ] [ org.apache.coyote.http11.Http11NioProtocol : 173 ] - Starting ProtocolHandler ["http-nio-192.168.81.1-8079"]
2019-03-03 23:44:48.415 [ restartedMain ] - [ INFO  ] [ com.example.demo.DemoApplication : 59 ] - Started DemoApplication in 23.475 seconds (JVM running for 26.436)
2019-03-03 23:44:48.420 [ restartedMain ] - [ INFO  ] [ c.e.demo.extendedanalysis.MyCommandLineRunner : 21 ] - 应用已启动
2019-03-03 23:44:48.423 [ restartedMain ] - [ INFO  ] [ com.example.demo.event.MyEventHandle : 22 ] - MyEventHandle接收到事件：class com.example.demo.event.MyApplicationEvent
2019-03-03 23:44:48.424 [ restartedMain ] - [ INFO  ] [ com.example.demo.event.MyApplicationListener : 19 ] - MyApplicationListener接收到事件：class com.example.demo.event.MyApplicationEvent
2019-03-03 23:45:04.500 [ http-nio-192.168.81.1-8079-exec-1 ] - [ INFO  ] [ o.a.c.core.ContainerBase.[Tomcat].[localhost].[/] : 173 ] - Initializing Spring DispatcherServlet 'dispatcherServlet'
2019-03-03 23:47:03.978 [ restartedMain ] - [ INFO  ] [ c.e.d.e.MyApplicationContextInitializer2 : 19 ] - bean name is:org.springframework.context.annotation.internalConfigurationAnnotationProcessor
2019-03-03 23:47:03.995 [ restartedMain ] - [ INFO  ] [ c.e.d.e.MyApplicationContextInitializer2 : 19 ] - bean name is:org.springframework.context.annotation.internalAutowiredAnnotationProcessor
2019-03-03 23:47:03.996 [ restartedMain ] - [ INFO  ] [ c.e.d.e.MyApplicationContextInitializer2 : 19 ] - bean name is:org.springframework.context.annotation.internalCommonAnnotationProcessor
2019-03-03 23:47:03.996 [ restartedMain ] - [ INFO  ] [ c.e.d.e.MyApplicationContextInitializer2 : 19 ] - bean name is:org.springframework.context.annotation.internalPersistenceAnnotationProcessor
2019-03-03 23:47:03.997 [ restartedMain ] - [ INFO  ] [ c.e.d.e.MyApplicationContextInitializer2 : 19 ] - bean name is:org.springframework.context.event.internalEventListenerProcessor
2019-03-03 23:47:03.998 [ restartedMain ] - [ INFO  ] [ c.e.d.e.MyApplicationContextInitializer2 : 19 ] - bean name is:org.springframework.context.event.internalEventListenerFactory
2019-03-03 23:47:04.003 [ restartedMain ] - [ INFO  ] [ c.e.d.e.MyApplicationContextInitializer3 : 18 ] - ****:6
2019-03-03 23:47:04.013 [ restartedMain ] - [ INFO  ] [ c.e.d.e.MyApplicationContextInitializer : 18 ] - bean count:6
2019-03-03 23:47:04.023 [ restartedMain ] - [ INFO  ] [ com.example.demo.DemoApplication : 50 ] - Starting DemoApplication on LAPTOP-DKU2JHJT with PID 5504 (F:\IDEA_WorkSpace\demo\target\classes started by zhaoyue in F:\IDEA_WorkSpace\demo)
2019-03-03 23:47:04.024 [ restartedMain ] - [ INFO  ] [ com.example.demo.DemoApplication : 679 ] - The following profiles are active: dev
2019-03-03 23:47:10.947 [ restartedMain ] - [ INFO  ] [ com.example.demo.tomcat.WebServerConfiguration : 26 ] - 自定义配置tomcat启用
2019-03-03 23:47:11.542 [ restartedMain ] - [ INFO  ] [ org.apache.coyote.http11.Http11NioProtocol : 173 ] - Initializing ProtocolHandler ["http-nio-192.168.81.1-8079"]
2019-03-03 23:47:11.576 [ restartedMain ] - [ INFO  ] [ org.apache.catalina.core.StandardService : 173 ] - Starting service [Tomcat]
2019-03-03 23:47:11.577 [ restartedMain ] - [ INFO  ] [ org.apache.catalina.core.StandardEngine : 173 ] - Starting Servlet engine: [Apache Tomcat/9.0.16]
2019-03-03 23:47:11.602 [ restartedMain ] - [ INFO  ] [ org.apache.catalina.core.AprLifecycleListener : 173 ] - The APR based Apache Tomcat Native library which allows optimal performance in production environments was not found on the java.library.path: [C:\Program Files\Java\jdk1.8.0_202\bin;C:\Windows\Sun\Java\bin;C:\Windows\system32;C:\Windows;F:\apache-maven-3.6.0\bin\;C:\Program Files (x86)\Common Files\Oracle\Java\javapath;C:\Program Files (x86)\Intel\Intel(R) Management Engine Components\iCLS\;C:\Program Files\Intel\Intel(R) Management Engine Components\iCLS\;C:\Windows\system32;C:\Windows;C:\Windows\System32\Wbem;C:\Windows\System32\WindowsPowerShell\v1.0\;C:\Windows\System32\OpenSSH\;C:\Program Files (x86)\Intel\Intel(R) Management Engine Components\DAL;C:\Program Files\Intel\Intel(R) Management Engine Components\DAL;C:\Program Files (x86)\Intel\Intel(R) Management Engine Components\IPT;C:\Program Files\Intel\Intel(R) Management Engine Components\IPT;C:\Program Files (x86)\NVIDIA Corporation\PhysX\Common;%JAVA_HOME%\bin;%JAVA_HOME%\jre\bin;C:\Program Files\MySQL\MySQL Utilities 1.6\;%CATALINA_HOME%\bin;%CATALINA_HOME%\lib;E:\nodeJs\安装目录\;E:\Git\cmd;F:\Redis\安装目录\;F:\MongoDB\bin;C:\Users\zhaoyue\AppData\Local\Microsoft\WindowsApps;;D:\IntelliJIDEA2018.3.4\IntelliJ IDEA 2018.3.4\bin;;C:\Users\zhaoyue\AppData\Roaming\npm;.]
2019-03-03 23:47:12.288 [ restartedMain ] - [ INFO  ] [ o.a.c.core.ContainerBase.[Tomcat].[localhost].[/] : 173 ] - Initializing Spring embedded WebApplicationContext
2019-03-03 23:47:13.943 [ restartedMain ] - [ INFO  ] [ com.alibaba.druid.pool.DruidDataSource : 947 ] - {dataSource-1} inited
2019-03-03 23:47:14.360 [ restartedMain ] - [ INFO  ] [ org.hibernate.jpa.internal.util.LogHelper : 31 ] - HHH000204: Processing PersistenceUnitInfo [
	name: default
	...]
2019-03-03 23:47:14.551 [ restartedMain ] - [ INFO  ] [ org.hibernate.Version : 46 ] - HHH000412: Hibernate Core {5.3.7.Final}
2019-03-03 23:47:14.556 [ restartedMain ] - [ INFO  ] [ org.hibernate.cfg.Environment : 213 ] - HHH000206: hibernate.properties not found
2019-03-03 23:47:15.029 [ restartedMain ] - [ INFO  ] [ org.hibernate.annotations.common.Version : 49 ] - HCANN000001: Hibernate Commons Annotations {5.0.4.Final}
2019-03-03 23:47:15.459 [ restartedMain ] - [ INFO  ] [ org.hibernate.dialect.Dialect : 157 ] - HHH000400: Using dialect: org.hibernate.dialect.MySQLDialect
2019-03-03 23:47:22.583 [ restartedMain ] - [ INFO  ] [ org.mongodb.driver.cluster : 71 ] - Cluster created with settings {hosts=[localhost:27017], mode=SINGLE, requiredClusterType=UNKNOWN, serverSelectionTimeout='30000 ms', maxWaitQueueSize=500}
2019-03-03 23:47:22.751 [ cluster-ClusterId{value='5c7bf70a894877158070407d', description='null'}-localhost:27017 ] - [ INFO  ] [ org.mongodb.driver.connection : 71 ] - Opened connection [connectionId{localValue:1, serverValue:20}] to localhost:27017
2019-03-03 23:47:22.763 [ cluster-ClusterId{value='5c7bf70a894877158070407d', description='null'}-localhost:27017 ] - [ INFO  ] [ org.mongodb.driver.cluster : 71 ] - Monitor thread successfully connected to server with description ServerDescription{address=localhost:27017, type=STANDALONE, state=CONNECTED, ok=true, version=ServerVersion{versionList=[4, 0, 6]}, minWireVersion=0, maxWireVersion=7, maxDocumentSize=16777216, logicalSessionTimeoutMinutes=30, roundTripTimeNanos=7762555}
2019-03-03 23:47:25.033 [ restartedMain ] - [ INFO  ] [ org.apache.coyote.http11.Http11NioProtocol : 173 ] - Starting ProtocolHandler ["http-nio-192.168.81.1-8079"]
2019-03-03 23:47:25.076 [ restartedMain ] - [ INFO  ] [ com.example.demo.DemoApplication : 59 ] - Started DemoApplication in 22.738 seconds (JVM running for 26.665)
2019-03-03 23:47:25.080 [ restartedMain ] - [ INFO  ] [ c.e.demo.extendedanalysis.MyCommandLineRunner : 21 ] - 应用已启动
2019-03-03 23:47:25.084 [ restartedMain ] - [ INFO  ] [ com.example.demo.event.MyEventHandle : 22 ] - MyEventHandle接收到事件：class com.example.demo.event.MyApplicationEvent
2019-03-03 23:47:25.085 [ restartedMain ] - [ INFO  ] [ com.example.demo.event.MyApplicationListener : 19 ] - MyApplicationListener接收到事件：class com.example.demo.event.MyApplicationEvent
2019-03-03 23:47:30.439 [ http-nio-192.168.81.1-8079-exec-1 ] - [ INFO  ] [ o.a.c.core.ContainerBase.[Tomcat].[localhost].[/] : 173 ] - Initializing Spring DispatcherServlet 'dispatcherServlet'
2019-03-03 23:50:00.065 [ restartedMain ] - [ INFO  ] [ c.e.d.e.MyApplicationContextInitializer2 : 19 ] - bean name is:org.springframework.context.annotation.internalConfigurationAnnotationProcessor
2019-03-03 23:50:00.080 [ restartedMain ] - [ INFO  ] [ c.e.d.e.MyApplicationContextInitializer2 : 19 ] - bean name is:org.springframework.context.annotation.internalAutowiredAnnotationProcessor
2019-03-03 23:50:00.081 [ restartedMain ] - [ INFO  ] [ c.e.d.e.MyApplicationContextInitializer2 : 19 ] - bean name is:org.springframework.context.annotation.internalCommonAnnotationProcessor
2019-03-03 23:50:00.082 [ restartedMain ] - [ INFO  ] [ c.e.d.e.MyApplicationContextInitializer2 : 19 ] - bean name is:org.springframework.context.annotation.internalPersistenceAnnotationProcessor
2019-03-03 23:50:00.082 [ restartedMain ] - [ INFO  ] [ c.e.d.e.MyApplicationContextInitializer2 : 19 ] - bean name is:org.springframework.context.event.internalEventListenerProcessor
2019-03-03 23:50:00.083 [ restartedMain ] - [ INFO  ] [ c.e.d.e.MyApplicationContextInitializer2 : 19 ] - bean name is:org.springframework.context.event.internalEventListenerFactory
2019-03-03 23:50:00.090 [ restartedMain ] - [ INFO  ] [ c.e.d.e.MyApplicationContextInitializer3 : 18 ] - ****:6
2019-03-03 23:50:00.102 [ restartedMain ] - [ INFO  ] [ c.e.d.e.MyApplicationContextInitializer : 18 ] - bean count:6
2019-03-03 23:50:00.112 [ restartedMain ] - [ INFO  ] [ com.example.demo.DemoApplication : 50 ] - Starting DemoApplication on LAPTOP-DKU2JHJT with PID 19836 (F:\IDEA_WorkSpace\demo\target\classes started by zhaoyue in F:\IDEA_WorkSpace\demo)
2019-03-03 23:50:00.113 [ restartedMain ] - [ INFO  ] [ com.example.demo.DemoApplication : 679 ] - The following profiles are active: dev
2019-03-03 23:50:16.106 [ restartedMain ] - [ INFO  ] [ c.e.d.e.MyApplicationContextInitializer2 : 19 ] - bean name is:org.springframework.context.annotation.internalConfigurationAnnotationProcessor
2019-03-03 23:50:16.115 [ restartedMain ] - [ INFO  ] [ c.e.d.e.MyApplicationContextInitializer2 : 19 ] - bean name is:org.springframework.context.annotation.internalAutowiredAnnotationProcessor
2019-03-03 23:50:16.115 [ restartedMain ] - [ INFO  ] [ c.e.d.e.MyApplicationContextInitializer2 : 19 ] - bean name is:org.springframework.context.annotation.internalCommonAnnotationProcessor
2019-03-03 23:50:16.116 [ restartedMain ] - [ INFO  ] [ c.e.d.e.MyApplicationContextInitializer2 : 19 ] - bean name is:org.springframework.context.annotation.internalPersistenceAnnotationProcessor
2019-03-03 23:50:16.117 [ restartedMain ] - [ INFO  ] [ c.e.d.e.MyApplicationContextInitializer2 : 19 ] - bean name is:org.springframework.context.event.internalEventListenerProcessor
2019-03-03 23:50:16.117 [ restartedMain ] - [ INFO  ] [ c.e.d.e.MyApplicationContextInitializer2 : 19 ] - bean name is:org.springframework.context.event.internalEventListenerFactory
2019-03-03 23:50:16.121 [ restartedMain ] - [ INFO  ] [ c.e.d.e.MyApplicationContextInitializer3 : 18 ] - ****:6
2019-03-03 23:50:16.131 [ restartedMain ] - [ INFO  ] [ c.e.d.e.MyApplicationContextInitializer : 18 ] - bean count:6
2019-03-03 23:50:16.142 [ restartedMain ] - [ INFO  ] [ com.example.demo.DemoApplication : 50 ] - Starting DemoApplication on LAPTOP-DKU2JHJT with PID 19140 (F:\IDEA_WorkSpace\demo\target\classes started by zhaoyue in F:\IDEA_WorkSpace\demo)
2019-03-03 23:50:16.144 [ restartedMain ] - [ INFO  ] [ com.example.demo.DemoApplication : 679 ] - The following profiles are active: dev
2019-03-03 23:50:22.793 [ restartedMain ] - [ INFO  ] [ com.example.demo.tomcat.WebServerConfiguration : 26 ] - 自定义配置tomcat启用
2019-03-03 23:50:23.337 [ restartedMain ] - [ INFO  ] [ org.apache.coyote.http11.Http11NioProtocol : 173 ] - Initializing ProtocolHandler ["http-nio-192.168.81.1-8079"]
2019-03-03 23:50:23.366 [ restartedMain ] - [ INFO  ] [ org.apache.catalina.core.StandardService : 173 ] - Starting service [Tomcat]
2019-03-03 23:50:23.367 [ restartedMain ] - [ INFO  ] [ org.apache.catalina.core.StandardEngine : 173 ] - Starting Servlet engine: [Apache Tomcat/9.0.16]
2019-03-03 23:50:23.390 [ restartedMain ] - [ INFO  ] [ org.apache.catalina.core.AprLifecycleListener : 173 ] - The APR based Apache Tomcat Native library which allows optimal performance in production environments was not found on the java.library.path: [C:\Program Files\Java\jdk1.8.0_202\bin;C:\Windows\Sun\Java\bin;C:\Windows\system32;C:\Windows;F:\apache-maven-3.6.0\bin\;C:\Program Files (x86)\Common Files\Oracle\Java\javapath;C:\Program Files (x86)\Intel\Intel(R) Management Engine Components\iCLS\;C:\Program Files\Intel\Intel(R) Management Engine Components\iCLS\;C:\Windows\system32;C:\Windows;C:\Windows\System32\Wbem;C:\Windows\System32\WindowsPowerShell\v1.0\;C:\Windows\System32\OpenSSH\;C:\Program Files (x86)\Intel\Intel(R) Management Engine Components\DAL;C:\Program Files\Intel\Intel(R) Management Engine Components\DAL;C:\Program Files (x86)\Intel\Intel(R) Management Engine Components\IPT;C:\Program Files\Intel\Intel(R) Management Engine Components\IPT;C:\Program Files (x86)\NVIDIA Corporation\PhysX\Common;%JAVA_HOME%\bin;%JAVA_HOME%\jre\bin;C:\Program Files\MySQL\MySQL Utilities 1.6\;%CATALINA_HOME%\bin;%CATALINA_HOME%\lib;E:\nodeJs\安装目录\;E:\Git\cmd;F:\Redis\安装目录\;F:\MongoDB\bin;C:\Users\zhaoyue\AppData\Local\Microsoft\WindowsApps;;D:\IntelliJIDEA2018.3.4\IntelliJ IDEA 2018.3.4\bin;;C:\Users\zhaoyue\AppData\Roaming\npm;.]
2019-03-03 23:50:23.961 [ restartedMain ] - [ INFO  ] [ o.a.c.core.ContainerBase.[Tomcat].[localhost].[/] : 173 ] - Initializing Spring embedded WebApplicationContext
2019-03-03 23:50:25.854 [ restartedMain ] - [ INFO  ] [ com.alibaba.druid.pool.DruidDataSource : 947 ] - {dataSource-1} inited
2019-03-03 23:50:26.273 [ restartedMain ] - [ INFO  ] [ org.hibernate.jpa.internal.util.LogHelper : 31 ] - HHH000204: Processing PersistenceUnitInfo [
	name: default
	...]
2019-03-03 23:50:26.426 [ restartedMain ] - [ INFO  ] [ org.hibernate.Version : 46 ] - HHH000412: Hibernate Core {5.3.7.Final}
2019-03-03 23:50:26.430 [ restartedMain ] - [ INFO  ] [ org.hibernate.cfg.Environment : 213 ] - HHH000206: hibernate.properties not found
2019-03-03 23:50:26.887 [ restartedMain ] - [ INFO  ] [ org.hibernate.annotations.common.Version : 49 ] - HCANN000001: Hibernate Commons Annotations {5.0.4.Final}
2019-03-03 23:50:27.345 [ restartedMain ] - [ INFO  ] [ org.hibernate.dialect.Dialect : 157 ] - HHH000400: Using dialect: org.hibernate.dialect.MySQLDialect
2019-03-03 23:50:35.884 [ restartedMain ] - [ INFO  ] [ org.mongodb.driver.cluster : 71 ] - Cluster created with settings {hosts=[localhost:27017], mode=SINGLE, requiredClusterType=UNKNOWN, serverSelectionTimeout='30000 ms', maxWaitQueueSize=500}
2019-03-03 23:50:36.076 [ cluster-ClusterId{value='5c7bf7cb8948774ac402c6f4', description='null'}-localhost:27017 ] - [ INFO  ] [ org.mongodb.driver.connection : 71 ] - Opened connection [connectionId{localValue:1, serverValue:21}] to localhost:27017
2019-03-03 23:50:36.087 [ cluster-ClusterId{value='5c7bf7cb8948774ac402c6f4', description='null'}-localhost:27017 ] - [ INFO  ] [ org.mongodb.driver.cluster : 71 ] - Monitor thread successfully connected to server with description ServerDescription{address=localhost:27017, type=STANDALONE, state=CONNECTED, ok=true, version=ServerVersion{versionList=[4, 0, 6]}, minWireVersion=0, maxWireVersion=7, maxDocumentSize=16777216, logicalSessionTimeoutMinutes=30, roundTripTimeNanos=6992699}
2019-03-03 23:50:38.505 [ restartedMain ] - [ INFO  ] [ org.apache.coyote.http11.Http11NioProtocol : 173 ] - Starting ProtocolHandler ["http-nio-192.168.81.1-8079"]
2019-03-03 23:50:38.551 [ restartedMain ] - [ INFO  ] [ com.example.demo.DemoApplication : 59 ] - Started DemoApplication in 24.261 seconds (JVM running for 27.345)
2019-03-03 23:50:38.556 [ restartedMain ] - [ INFO  ] [ c.e.demo.extendedanalysis.MyCommandLineRunner : 21 ] - 应用已启动
2019-03-03 23:50:38.559 [ restartedMain ] - [ INFO  ] [ com.example.demo.event.MyEventHandle : 22 ] - MyEventHandle接收到事件：class com.example.demo.event.MyApplicationEvent
2019-03-03 23:50:38.560 [ restartedMain ] - [ INFO  ] [ com.example.demo.event.MyApplicationListener : 19 ] - MyApplicationListener接收到事件：class com.example.demo.event.MyApplicationEvent
2019-03-03 23:50:56.372 [ http-nio-192.168.81.1-8079-exec-1 ] - [ INFO  ] [ o.a.c.core.ContainerBase.[Tomcat].[localhost].[/] : 173 ] - Initializing Spring DispatcherServlet 'dispatcherServlet'
2019-03-03 23:52:53.538 [ restartedMain ] - [ INFO  ] [ c.e.d.e.MyApplicationContextInitializer2 : 19 ] - bean name is:org.springframework.context.annotation.internalConfigurationAnnotationProcessor
2019-03-03 23:52:53.550 [ restartedMain ] - [ INFO  ] [ c.e.d.e.MyApplicationContextInitializer2 : 19 ] - bean name is:org.springframework.context.annotation.internalAutowiredAnnotationProcessor
2019-03-03 23:52:53.551 [ restartedMain ] - [ INFO  ] [ c.e.d.e.MyApplicationContextInitializer2 : 19 ] - bean name is:org.springframework.context.annotation.internalCommonAnnotationProcessor
2019-03-03 23:52:53.551 [ restartedMain ] - [ INFO  ] [ c.e.d.e.MyApplicationContextInitializer2 : 19 ] - bean name is:org.springframework.context.annotation.internalPersistenceAnnotationProcessor
2019-03-03 23:52:53.552 [ restartedMain ] - [ INFO  ] [ c.e.d.e.MyApplicationContextInitializer2 : 19 ] - bean name is:org.springframework.context.event.internalEventListenerProcessor
2019-03-03 23:52:53.553 [ restartedMain ] - [ INFO  ] [ c.e.d.e.MyApplicationContextInitializer2 : 19 ] - bean name is:org.springframework.context.event.internalEventListenerFactory
2019-03-03 23:52:53.558 [ restartedMain ] - [ INFO  ] [ c.e.d.e.MyApplicationContextInitializer3 : 18 ] - ****:6
2019-03-03 23:52:53.568 [ restartedMain ] - [ INFO  ] [ c.e.d.e.MyApplicationContextInitializer : 18 ] - bean count:6
2019-03-03 23:52:53.576 [ restartedMain ] - [ INFO  ] [ com.example.demo.DemoApplication : 50 ] - Starting DemoApplication on LAPTOP-DKU2JHJT with PID 20528 (F:\IDEA_WorkSpace\demo\target\classes started by zhaoyue in F:\IDEA_WorkSpace\demo)
2019-03-03 23:52:53.577 [ restartedMain ] - [ INFO  ] [ com.example.demo.DemoApplication : 679 ] - The following profiles are active: dev
2019-03-03 23:53:00.528 [ restartedMain ] - [ INFO  ] [ com.example.demo.tomcat.WebServerConfiguration : 26 ] - 自定义配置tomcat启用
2019-03-03 23:53:01.112 [ restartedMain ] - [ INFO  ] [ org.apache.coyote.http11.Http11NioProtocol : 173 ] - Initializing ProtocolHandler ["http-nio-192.168.81.1-8079"]
2019-03-03 23:53:01.151 [ restartedMain ] - [ INFO  ] [ org.apache.catalina.core.StandardService : 173 ] - Starting service [Tomcat]
2019-03-03 23:53:01.152 [ restartedMain ] - [ INFO  ] [ org.apache.catalina.core.StandardEngine : 173 ] - Starting Servlet engine: [Apache Tomcat/9.0.16]
2019-03-03 23:53:01.181 [ restartedMain ] - [ INFO  ] [ org.apache.catalina.core.AprLifecycleListener : 173 ] - The APR based Apache Tomcat Native library which allows optimal performance in production environments was not found on the java.library.path: [C:\Program Files\Java\jdk1.8.0_202\bin;C:\Windows\Sun\Java\bin;C:\Windows\system32;C:\Windows;F:\apache-maven-3.6.0\bin\;C:\Program Files (x86)\Common Files\Oracle\Java\javapath;C:\Program Files (x86)\Intel\Intel(R) Management Engine Components\iCLS\;C:\Program Files\Intel\Intel(R) Management Engine Components\iCLS\;C:\Windows\system32;C:\Windows;C:\Windows\System32\Wbem;C:\Windows\System32\WindowsPowerShell\v1.0\;C:\Windows\System32\OpenSSH\;C:\Program Files (x86)\Intel\Intel(R) Management Engine Components\DAL;C:\Program Files\Intel\Intel(R) Management Engine Components\DAL;C:\Program Files (x86)\Intel\Intel(R) Management Engine Components\IPT;C:\Program Files\Intel\Intel(R) Management Engine Components\IPT;C:\Program Files (x86)\NVIDIA Corporation\PhysX\Common;%JAVA_HOME%\bin;%JAVA_HOME%\jre\bin;C:\Program Files\MySQL\MySQL Utilities 1.6\;%CATALINA_HOME%\bin;%CATALINA_HOME%\lib;E:\nodeJs\安装目录\;E:\Git\cmd;F:\Redis\安装目录\;F:\MongoDB\bin;C:\Users\zhaoyue\AppData\Local\Microsoft\WindowsApps;;D:\IntelliJIDEA2018.3.4\IntelliJ IDEA 2018.3.4\bin;;C:\Users\zhaoyue\AppData\Roaming\npm;.]
2019-03-03 23:53:01.826 [ restartedMain ] - [ INFO  ] [ o.a.c.core.ContainerBase.[Tomcat].[localhost].[/] : 173 ] - Initializing Spring embedded WebApplicationContext
2019-03-03 23:53:03.444 [ restartedMain ] - [ INFO  ] [ com.alibaba.druid.pool.DruidDataSource : 947 ] - {dataSource-1} inited
2019-03-03 23:53:03.903 [ restartedMain ] - [ INFO  ] [ org.hibernate.jpa.internal.util.LogHelper : 31 ] - HHH000204: Processing PersistenceUnitInfo [
	name: default
	...]
2019-03-03 23:53:04.079 [ restartedMain ] - [ INFO  ] [ org.hibernate.Version : 46 ] - HHH000412: Hibernate Core {5.3.7.Final}
2019-03-03 23:53:04.083 [ restartedMain ] - [ INFO  ] [ org.hibernate.cfg.Environment : 213 ] - HHH000206: hibernate.properties not found
2019-03-03 23:53:04.599 [ restartedMain ] - [ INFO  ] [ org.hibernate.annotations.common.Version : 49 ] - HCANN000001: Hibernate Commons Annotations {5.0.4.Final}
2019-03-03 23:53:05.038 [ restartedMain ] - [ INFO  ] [ org.hibernate.dialect.Dialect : 157 ] - HHH000400: Using dialect: org.hibernate.dialect.MySQLDialect
2019-03-03 23:53:12.398 [ restartedMain ] - [ INFO  ] [ org.mongodb.driver.cluster : 71 ] - Cluster created with settings {hosts=[localhost:27017], mode=SINGLE, requiredClusterType=UNKNOWN, serverSelectionTimeout='30000 ms', maxWaitQueueSize=500}
2019-03-03 23:53:12.528 [ cluster-ClusterId{value='5c7bf8688948775030b99663', description='null'}-localhost:27017 ] - [ INFO  ] [ org.mongodb.driver.connection : 71 ] - Opened connection [connectionId{localValue:1, serverValue:22}] to localhost:27017
2019-03-03 23:53:12.539 [ cluster-ClusterId{value='5c7bf8688948775030b99663', description='null'}-localhost:27017 ] - [ INFO  ] [ org.mongodb.driver.cluster : 71 ] - Monitor thread successfully connected to server with description ServerDescription{address=localhost:27017, type=STANDALONE, state=CONNECTED, ok=true, version=ServerVersion{versionList=[4, 0, 6]}, minWireVersion=0, maxWireVersion=7, maxDocumentSize=16777216, logicalSessionTimeoutMinutes=30, roundTripTimeNanos=7204178}
2019-03-03 23:53:14.931 [ restartedMain ] - [ INFO  ] [ org.apache.coyote.http11.Http11NioProtocol : 173 ] - Starting ProtocolHandler ["http-nio-192.168.81.1-8079"]
2019-03-03 23:53:14.976 [ restartedMain ] - [ INFO  ] [ com.example.demo.DemoApplication : 59 ] - Started DemoApplication in 23.103 seconds (JVM running for 26.561)
2019-03-03 23:53:14.981 [ restartedMain ] - [ INFO  ] [ c.e.demo.extendedanalysis.MyCommandLineRunner : 21 ] - 应用已启动
2019-03-03 23:53:14.985 [ restartedMain ] - [ INFO  ] [ com.example.demo.event.MyEventHandle : 22 ] - MyEventHandle接收到事件：class com.example.demo.event.MyApplicationEvent
2019-03-03 23:53:14.986 [ restartedMain ] - [ INFO  ] [ com.example.demo.event.MyApplicationListener : 19 ] - MyApplicationListener接收到事件：class com.example.demo.event.MyApplicationEvent
2019-03-03 23:53:22.063 [ http-nio-192.168.81.1-8079-exec-1 ] - [ INFO  ] [ o.a.c.core.ContainerBase.[Tomcat].[localhost].[/] : 173 ] - Initializing Spring DispatcherServlet 'dispatcherServlet'
2019-03-03 23:53:42.332 [ restartedMain ] - [ INFO  ] [ c.e.d.e.MyApplicationContextInitializer2 : 19 ] - bean name is:org.springframework.context.annotation.internalConfigurationAnnotationProcessor
2019-03-03 23:53:42.345 [ restartedMain ] - [ INFO  ] [ c.e.d.e.MyApplicationContextInitializer2 : 19 ] - bean name is:org.springframework.context.annotation.internalAutowiredAnnotationProcessor
2019-03-03 23:53:42.346 [ restartedMain ] - [ INFO  ] [ c.e.d.e.MyApplicationContextInitializer2 : 19 ] - bean name is:org.springframework.context.annotation.internalCommonAnnotationProcessor
2019-03-03 23:53:42.347 [ restartedMain ] - [ INFO  ] [ c.e.d.e.MyApplicationContextInitializer2 : 19 ] - bean name is:org.springframework.context.annotation.internalPersistenceAnnotationProcessor
2019-03-03 23:53:42.347 [ restartedMain ] - [ INFO  ] [ c.e.d.e.MyApplicationContextInitializer2 : 19 ] - bean name is:org.springframework.context.event.internalEventListenerProcessor
2019-03-03 23:53:42.348 [ restartedMain ] - [ INFO  ] [ c.e.d.e.MyApplicationContextInitializer2 : 19 ] - bean name is:org.springframework.context.event.internalEventListenerFactory
2019-03-03 23:53:42.357 [ restartedMain ] - [ INFO  ] [ c.e.d.e.MyApplicationContextInitializer3 : 18 ] - ****:6
2019-03-03 23:53:42.370 [ restartedMain ] - [ INFO  ] [ c.e.d.e.MyApplicationContextInitializer : 18 ] - bean count:6
2019-03-03 23:53:42.390 [ restartedMain ] - [ INFO  ] [ com.example.demo.DemoApplication : 50 ] - Starting DemoApplication on LAPTOP-DKU2JHJT with PID 6816 (F:\IDEA_WorkSpace\demo\target\classes started by zhaoyue in F:\IDEA_WorkSpace\demo)
2019-03-03 23:53:42.393 [ restartedMain ] - [ INFO  ] [ com.example.demo.DemoApplication : 679 ] - The following profiles are active: dev
2019-03-03 23:53:51.812 [ restartedMain ] - [ INFO  ] [ com.example.demo.tomcat.WebServerConfiguration : 26 ] - 自定义配置tomcat启用
2019-03-03 23:53:52.406 [ restartedMain ] - [ INFO  ] [ org.apache.coyote.http11.Http11NioProtocol : 173 ] - Initializing ProtocolHandler ["http-nio-192.168.81.1-8079"]
2019-03-03 23:53:52.430 [ restartedMain ] - [ INFO  ] [ org.apache.catalina.core.StandardService : 173 ] - Starting service [Tomcat]
2019-03-03 23:53:52.431 [ restartedMain ] - [ INFO  ] [ org.apache.catalina.core.StandardEngine : 173 ] - Starting Servlet engine: [Apache Tomcat/9.0.16]
2019-03-03 23:53:52.456 [ restartedMain ] - [ INFO  ] [ org.apache.catalina.core.AprLifecycleListener : 173 ] - The APR based Apache Tomcat Native library which allows optimal performance in production environments was not found on the java.library.path: [C:\Program Files\Java\jdk1.8.0_202\bin;C:\Windows\Sun\Java\bin;C:\Windows\system32;C:\Windows;F:\apache-maven-3.6.0\bin\;C:\Program Files (x86)\Common Files\Oracle\Java\javapath;C:\Program Files (x86)\Intel\Intel(R) Management Engine Components\iCLS\;C:\Program Files\Intel\Intel(R) Management Engine Components\iCLS\;C:\Windows\system32;C:\Windows;C:\Windows\System32\Wbem;C:\Windows\System32\WindowsPowerShell\v1.0\;C:\Windows\System32\OpenSSH\;C:\Program Files (x86)\Intel\Intel(R) Management Engine Components\DAL;C:\Program Files\Intel\Intel(R) Management Engine Components\DAL;C:\Program Files (x86)\Intel\Intel(R) Management Engine Components\IPT;C:\Program Files\Intel\Intel(R) Management Engine Components\IPT;C:\Program Files (x86)\NVIDIA Corporation\PhysX\Common;%JAVA_HOME%\bin;%JAVA_HOME%\jre\bin;C:\Program Files\MySQL\MySQL Utilities 1.6\;%CATALINA_HOME%\bin;%CATALINA_HOME%\lib;E:\nodeJs\安装目录\;E:\Git\cmd;F:\Redis\安装目录\;F:\MongoDB\bin;C:\Users\zhaoyue\AppData\Local\Microsoft\WindowsApps;;D:\IntelliJIDEA2018.3.4\IntelliJ IDEA 2018.3.4\bin;;C:\Users\zhaoyue\AppData\Roaming\npm;.]
2019-03-03 23:53:53.106 [ restartedMain ] - [ INFO  ] [ o.a.c.core.ContainerBase.[Tomcat].[localhost].[/] : 173 ] - Initializing Spring embedded WebApplicationContext
2019-03-03 23:53:54.723 [ restartedMain ] - [ INFO  ] [ com.alibaba.druid.pool.DruidDataSource : 947 ] - {dataSource-1} inited
2019-03-03 23:53:55.158 [ restartedMain ] - [ INFO  ] [ org.hibernate.jpa.internal.util.LogHelper : 31 ] - HHH000204: Processing PersistenceUnitInfo [
	name: default
	...]
2019-03-03 23:53:55.338 [ restartedMain ] - [ INFO  ] [ org.hibernate.Version : 46 ] - HHH000412: Hibernate Core {5.3.7.Final}
2019-03-03 23:53:55.342 [ restartedMain ] - [ INFO  ] [ org.hibernate.cfg.Environment : 213 ] - HHH000206: hibernate.properties not found
2019-03-03 23:53:55.844 [ restartedMain ] - [ INFO  ] [ org.hibernate.annotations.common.Version : 49 ] - HCANN000001: Hibernate Commons Annotations {5.0.4.Final}
2019-03-03 23:53:56.383 [ restartedMain ] - [ INFO  ] [ org.hibernate.dialect.Dialect : 157 ] - HHH000400: Using dialect: org.hibernate.dialect.MySQLDialect
2019-03-03 23:54:17.855 [ restartedMain ] - [ INFO  ] [ c.e.d.e.MyApplicationContextInitializer2 : 19 ] - bean name is:org.springframework.context.annotation.internalConfigurationAnnotationProcessor
2019-03-03 23:54:17.870 [ restartedMain ] - [ INFO  ] [ c.e.d.e.MyApplicationContextInitializer2 : 19 ] - bean name is:org.springframework.context.annotation.internalAutowiredAnnotationProcessor
2019-03-03 23:54:17.871 [ restartedMain ] - [ INFO  ] [ c.e.d.e.MyApplicationContextInitializer2 : 19 ] - bean name is:org.springframework.context.annotation.internalCommonAnnotationProcessor
2019-03-03 23:54:17.872 [ restartedMain ] - [ INFO  ] [ c.e.d.e.MyApplicationContextInitializer2 : 19 ] - bean name is:org.springframework.context.annotation.internalPersistenceAnnotationProcessor
2019-03-03 23:54:17.872 [ restartedMain ] - [ INFO  ] [ c.e.d.e.MyApplicationContextInitializer2 : 19 ] - bean name is:org.springframework.context.event.internalEventListenerProcessor
2019-03-03 23:54:17.873 [ restartedMain ] - [ INFO  ] [ c.e.d.e.MyApplicationContextInitializer2 : 19 ] - bean name is:org.springframework.context.event.internalEventListenerFactory
2019-03-03 23:54:17.879 [ restartedMain ] - [ INFO  ] [ c.e.d.e.MyApplicationContextInitializer3 : 18 ] - ****:6
2019-03-03 23:54:17.891 [ restartedMain ] - [ INFO  ] [ c.e.d.e.MyApplicationContextInitializer : 18 ] - bean count:6
2019-03-03 23:54:17.904 [ restartedMain ] - [ INFO  ] [ com.example.demo.DemoApplication : 50 ] - Starting DemoApplication on LAPTOP-DKU2JHJT with PID 16548 (F:\IDEA_WorkSpace\demo\target\classes started by zhaoyue in F:\IDEA_WorkSpace\demo)
2019-03-03 23:54:17.904 [ restartedMain ] - [ INFO  ] [ com.example.demo.DemoApplication : 679 ] - The following profiles are active: dev
2019-03-03 23:54:26.359 [ restartedMain ] - [ INFO  ] [ com.example.demo.tomcat.WebServerConfiguration : 26 ] - 自定义配置tomcat启用
2019-03-03 23:54:26.984 [ restartedMain ] - [ INFO  ] [ org.apache.coyote.http11.Http11NioProtocol : 173 ] - Initializing ProtocolHandler ["http-nio-192.168.81.1-8079"]
2019-03-03 23:54:27.021 [ restartedMain ] - [ INFO  ] [ org.apache.catalina.core.StandardService : 173 ] - Starting service [Tomcat]
2019-03-03 23:54:27.022 [ restartedMain ] - [ INFO  ] [ org.apache.catalina.core.StandardEngine : 173 ] - Starting Servlet engine: [Apache Tomcat/9.0.16]
2019-03-03 23:54:27.046 [ restartedMain ] - [ INFO  ] [ org.apache.catalina.core.AprLifecycleListener : 173 ] - The APR based Apache Tomcat Native library which allows optimal performance in production environments was not found on the java.library.path: [C:\Program Files\Java\jdk1.8.0_202\bin;C:\Windows\Sun\Java\bin;C:\Windows\system32;C:\Windows;F:\apache-maven-3.6.0\bin\;C:\Program Files (x86)\Common Files\Oracle\Java\javapath;C:\Program Files (x86)\Intel\Intel(R) Management Engine Components\iCLS\;C:\Program Files\Intel\Intel(R) Management Engine Components\iCLS\;C:\Windows\system32;C:\Windows;C:\Windows\System32\Wbem;C:\Windows\System32\WindowsPowerShell\v1.0\;C:\Windows\System32\OpenSSH\;C:\Program Files (x86)\Intel\Intel(R) Management Engine Components\DAL;C:\Program Files\Intel\Intel(R) Management Engine Components\DAL;C:\Program Files (x86)\Intel\Intel(R) Management Engine Components\IPT;C:\Program Files\Intel\Intel(R) Management Engine Components\IPT;C:\Program Files (x86)\NVIDIA Corporation\PhysX\Common;%JAVA_HOME%\bin;%JAVA_HOME%\jre\bin;C:\Program Files\MySQL\MySQL Utilities 1.6\;%CATALINA_HOME%\bin;%CATALINA_HOME%\lib;E:\nodeJs\安装目录\;E:\Git\cmd;F:\Redis\安装目录\;F:\MongoDB\bin;C:\Users\zhaoyue\AppData\Local\Microsoft\WindowsApps;;D:\IntelliJIDEA2018.3.4\IntelliJ IDEA 2018.3.4\bin;;C:\Users\zhaoyue\AppData\Roaming\npm;.]
2019-03-03 23:54:27.697 [ restartedMain ] - [ INFO  ] [ o.a.c.core.ContainerBase.[Tomcat].[localhost].[/] : 173 ] - Initializing Spring embedded WebApplicationContext
2019-03-03 23:54:29.684 [ restartedMain ] - [ INFO  ] [ com.alibaba.druid.pool.DruidDataSource : 947 ] - {dataSource-1} inited
2019-03-03 23:54:30.315 [ restartedMain ] - [ INFO  ] [ org.hibernate.jpa.internal.util.LogHelper : 31 ] - HHH000204: Processing PersistenceUnitInfo [
	name: default
	...]
2019-03-03 23:54:30.514 [ restartedMain ] - [ INFO  ] [ org.hibernate.Version : 46 ] - HHH000412: Hibernate Core {5.3.7.Final}
2019-03-03 23:54:30.522 [ restartedMain ] - [ INFO  ] [ org.hibernate.cfg.Environment : 213 ] - HHH000206: hibernate.properties not found
2019-03-03 23:54:31.180 [ restartedMain ] - [ INFO  ] [ org.hibernate.annotations.common.Version : 49 ] - HCANN000001: Hibernate Commons Annotations {5.0.4.Final}
2019-03-03 23:54:31.778 [ restartedMain ] - [ INFO  ] [ org.hibernate.dialect.Dialect : 157 ] - HHH000400: Using dialect: org.hibernate.dialect.MySQLDialect
2019-03-03 23:54:39.947 [ restartedMain ] - [ INFO  ] [ org.mongodb.driver.cluster : 71 ] - Cluster created with settings {hosts=[localhost:27017], mode=SINGLE, requiredClusterType=UNKNOWN, serverSelectionTimeout='30000 ms', maxWaitQueueSize=500}
2019-03-03 23:54:40.123 [ cluster-ClusterId{value='5c7bf8bf89487740a43f568d', description='null'}-localhost:27017 ] - [ INFO  ] [ org.mongodb.driver.connection : 71 ] - Opened connection [connectionId{localValue:1, serverValue:23}] to localhost:27017
2019-03-03 23:54:40.136 [ cluster-ClusterId{value='5c7bf8bf89487740a43f568d', description='null'}-localhost:27017 ] - [ INFO  ] [ org.mongodb.driver.cluster : 71 ] - Monitor thread successfully connected to server with description ServerDescription{address=localhost:27017, type=STANDALONE, state=CONNECTED, ok=true, version=ServerVersion{versionList=[4, 0, 6]}, minWireVersion=0, maxWireVersion=7, maxDocumentSize=16777216, logicalSessionTimeoutMinutes=30, roundTripTimeNanos=8526381}
2019-03-03 23:54:42.791 [ restartedMain ] - [ INFO  ] [ org.apache.coyote.http11.Http11NioProtocol : 173 ] - Starting ProtocolHandler ["http-nio-192.168.81.1-8079"]
2019-03-03 23:54:42.834 [ restartedMain ] - [ INFO  ] [ com.example.demo.DemoApplication : 59 ] - Started DemoApplication in 26.872 seconds (JVM running for 30.703)
2019-03-03 23:54:42.839 [ restartedMain ] - [ INFO  ] [ c.e.demo.extendedanalysis.MyCommandLineRunner : 21 ] - 应用已启动
2019-03-03 23:54:42.842 [ restartedMain ] - [ INFO  ] [ com.example.demo.event.MyEventHandle : 22 ] - MyEventHandle接收到事件：class com.example.demo.event.MyApplicationEvent
2019-03-03 23:54:42.842 [ restartedMain ] - [ INFO  ] [ com.example.demo.event.MyApplicationListener : 19 ] - MyApplicationListener接收到事件：class com.example.demo.event.MyApplicationEvent
2019-03-03 23:54:49.442 [ http-nio-192.168.81.1-8079-exec-1 ] - [ INFO  ] [ o.a.c.core.ContainerBase.[Tomcat].[localhost].[/] : 173 ] - Initializing Spring DispatcherServlet 'dispatcherServlet'
2019-03-03 23:55:27.879 [ restartedMain ] - [ INFO  ] [ c.e.d.e.MyApplicationContextInitializer2 : 19 ] - bean name is:org.springframework.context.annotation.internalConfigurationAnnotationProcessor
2019-03-03 23:55:27.889 [ restartedMain ] - [ INFO  ] [ c.e.d.e.MyApplicationContextInitializer2 : 19 ] - bean name is:org.springframework.context.annotation.internalAutowiredAnnotationProcessor
2019-03-03 23:55:27.890 [ restartedMain ] - [ INFO  ] [ c.e.d.e.MyApplicationContextInitializer2 : 19 ] - bean name is:org.springframework.context.annotation.internalCommonAnnotationProcessor
2019-03-03 23:55:27.891 [ restartedMain ] - [ INFO  ] [ c.e.d.e.MyApplicationContextInitializer2 : 19 ] - bean name is:org.springframework.context.annotation.internalPersistenceAnnotationProcessor
2019-03-03 23:55:27.892 [ restartedMain ] - [ INFO  ] [ c.e.d.e.MyApplicationContextInitializer2 : 19 ] - bean name is:org.springframework.context.event.internalEventListenerProcessor
2019-03-03 23:55:27.893 [ restartedMain ] - [ INFO  ] [ c.e.d.e.MyApplicationContextInitializer2 : 19 ] - bean name is:org.springframework.context.event.internalEventListenerFactory
2019-03-03 23:55:27.897 [ restartedMain ] - [ INFO  ] [ c.e.d.e.MyApplicationContextInitializer3 : 18 ] - ****:6
2019-03-03 23:55:27.912 [ restartedMain ] - [ INFO  ] [ c.e.d.e.MyApplicationContextInitializer : 18 ] - bean count:6
2019-03-03 23:55:27.923 [ restartedMain ] - [ INFO  ] [ com.example.demo.DemoApplication : 50 ] - Starting DemoApplication on LAPTOP-DKU2JHJT with PID 19560 (F:\IDEA_WorkSpace\demo\target\classes started by zhaoyue in F:\IDEA_WorkSpace\demo)
2019-03-03 23:55:27.924 [ restartedMain ] - [ INFO  ] [ com.example.demo.DemoApplication : 679 ] - The following profiles are active: dev
2019-03-03 23:55:35.249 [ restartedMain ] - [ INFO  ] [ com.example.demo.tomcat.WebServerConfiguration : 26 ] - 自定义配置tomcat启用
2019-03-03 23:55:35.886 [ restartedMain ] - [ INFO  ] [ org.apache.coyote.http11.Http11NioProtocol : 173 ] - Initializing ProtocolHandler ["http-nio-192.168.81.1-8079"]
2019-03-03 23:55:35.917 [ restartedMain ] - [ INFO  ] [ org.apache.catalina.core.StandardService : 173 ] - Starting service [Tomcat]
2019-03-03 23:55:35.919 [ restartedMain ] - [ INFO  ] [ org.apache.catalina.core.StandardEngine : 173 ] - Starting Servlet engine: [Apache Tomcat/9.0.16]
2019-03-03 23:55:35.954 [ restartedMain ] - [ INFO  ] [ org.apache.catalina.core.AprLifecycleListener : 173 ] - The APR based Apache Tomcat Native library which allows optimal performance in production environments was not found on the java.library.path: [C:\Program Files\Java\jdk1.8.0_202\bin;C:\Windows\Sun\Java\bin;C:\Windows\system32;C:\Windows;F:\apache-maven-3.6.0\bin\;C:\Program Files (x86)\Common Files\Oracle\Java\javapath;C:\Program Files (x86)\Intel\Intel(R) Management Engine Components\iCLS\;C:\Program Files\Intel\Intel(R) Management Engine Components\iCLS\;C:\Windows\system32;C:\Windows;C:\Windows\System32\Wbem;C:\Windows\System32\WindowsPowerShell\v1.0\;C:\Windows\System32\OpenSSH\;C:\Program Files (x86)\Intel\Intel(R) Management Engine Components\DAL;C:\Program Files\Intel\Intel(R) Management Engine Components\DAL;C:\Program Files (x86)\Intel\Intel(R) Management Engine Components\IPT;C:\Program Files\Intel\Intel(R) Management Engine Components\IPT;C:\Program Files (x86)\NVIDIA Corporation\PhysX\Common;%JAVA_HOME%\bin;%JAVA_HOME%\jre\bin;C:\Program Files\MySQL\MySQL Utilities 1.6\;%CATALINA_HOME%\bin;%CATALINA_HOME%\lib;E:\nodeJs\安装目录\;E:\Git\cmd;F:\Redis\安装目录\;F:\MongoDB\bin;C:\Users\zhaoyue\AppData\Local\Microsoft\WindowsApps;;D:\IntelliJIDEA2018.3.4\IntelliJ IDEA 2018.3.4\bin;;C:\Users\zhaoyue\AppData\Roaming\npm;.]
2019-03-03 23:55:36.561 [ restartedMain ] - [ INFO  ] [ o.a.c.core.ContainerBase.[Tomcat].[localhost].[/] : 173 ] - Initializing Spring embedded WebApplicationContext
2019-03-03 23:55:38.156 [ restartedMain ] - [ INFO  ] [ com.alibaba.druid.pool.DruidDataSource : 947 ] - {dataSource-1} inited
2019-03-03 23:55:38.648 [ restartedMain ] - [ INFO  ] [ org.hibernate.jpa.internal.util.LogHelper : 31 ] - HHH000204: Processing PersistenceUnitInfo [
	name: default
	...]
2019-03-03 23:55:38.829 [ restartedMain ] - [ INFO  ] [ org.hibernate.Version : 46 ] - HHH000412: Hibernate Core {5.3.7.Final}
2019-03-03 23:55:38.833 [ restartedMain ] - [ INFO  ] [ org.hibernate.cfg.Environment : 213 ] - HHH000206: hibernate.properties not found
2019-03-03 23:55:39.223 [ restartedMain ] - [ INFO  ] [ org.hibernate.annotations.common.Version : 49 ] - HCANN000001: Hibernate Commons Annotations {5.0.4.Final}
2019-03-03 23:55:39.685 [ restartedMain ] - [ INFO  ] [ org.hibernate.dialect.Dialect : 157 ] - HHH000400: Using dialect: org.hibernate.dialect.MySQLDialect
2019-03-03 23:55:47.049 [ restartedMain ] - [ INFO  ] [ org.mongodb.driver.cluster : 71 ] - Cluster created with settings {hosts=[localhost:27017], mode=SINGLE, requiredClusterType=UNKNOWN, serverSelectionTimeout='30000 ms', maxWaitQueueSize=500}
2019-03-03 23:55:47.174 [ cluster-ClusterId{value='5c7bf9038948774c68fa3786', description='null'}-localhost:27017 ] - [ INFO  ] [ org.mongodb.driver.connection : 71 ] - Opened connection [connectionId{localValue:1, serverValue:24}] to localhost:27017
2019-03-03 23:55:47.183 [ cluster-ClusterId{value='5c7bf9038948774c68fa3786', description='null'}-localhost:27017 ] - [ INFO  ] [ org.mongodb.driver.cluster : 71 ] - Monitor thread successfully connected to server with description ServerDescription{address=localhost:27017, type=STANDALONE, state=CONNECTED, ok=true, version=ServerVersion{versionList=[4, 0, 6]}, minWireVersion=0, maxWireVersion=7, maxDocumentSize=16777216, logicalSessionTimeoutMinutes=30, roundTripTimeNanos=5961742}
2019-03-03 23:55:49.606 [ restartedMain ] - [ INFO  ] [ org.apache.coyote.http11.Http11NioProtocol : 173 ] - Starting ProtocolHandler ["http-nio-192.168.81.1-8079"]
2019-03-03 23:55:49.658 [ restartedMain ] - [ INFO  ] [ com.example.demo.DemoApplication : 59 ] - Started DemoApplication in 23.493 seconds (JVM running for 27.788)
2019-03-03 23:55:49.663 [ restartedMain ] - [ INFO  ] [ c.e.demo.extendedanalysis.MyCommandLineRunner : 21 ] - 应用已启动
2019-03-03 23:55:49.666 [ restartedMain ] - [ INFO  ] [ com.example.demo.event.MyEventHandle : 22 ] - MyEventHandle接收到事件：class com.example.demo.event.MyApplicationEvent
2019-03-03 23:55:49.667 [ restartedMain ] - [ INFO  ] [ com.example.demo.event.MyApplicationListener : 19 ] - MyApplicationListener接收到事件：class com.example.demo.event.MyApplicationEvent
2019-03-03 23:56:00.896 [ http-nio-192.168.81.1-8079-exec-1 ] - [ INFO  ] [ o.a.c.core.ContainerBase.[Tomcat].[localhost].[/] : 173 ] - Initializing Spring DispatcherServlet 'dispatcherServlet'
2019-03-03 23:56:32.290 [ restartedMain ] - [ INFO  ] [ c.e.d.e.MyApplicationContextInitializer2 : 19 ] - bean name is:org.springframework.context.annotation.internalConfigurationAnnotationProcessor
2019-03-03 23:56:32.303 [ restartedMain ] - [ INFO  ] [ c.e.d.e.MyApplicationContextInitializer2 : 19 ] - bean name is:org.springframework.context.annotation.internalAutowiredAnnotationProcessor
2019-03-03 23:56:32.304 [ restartedMain ] - [ INFO  ] [ c.e.d.e.MyApplicationContextInitializer2 : 19 ] - bean name is:org.springframework.context.annotation.internalCommonAnnotationProcessor
2019-03-03 23:56:32.305 [ restartedMain ] - [ INFO  ] [ c.e.d.e.MyApplicationContextInitializer2 : 19 ] - bean name is:org.springframework.context.annotation.internalPersistenceAnnotationProcessor
2019-03-03 23:56:32.306 [ restartedMain ] - [ INFO  ] [ c.e.d.e.MyApplicationContextInitializer2 : 19 ] - bean name is:org.springframework.context.event.internalEventListenerProcessor
2019-03-03 23:56:32.307 [ restartedMain ] - [ INFO  ] [ c.e.d.e.MyApplicationContextInitializer2 : 19 ] - bean name is:org.springframework.context.event.internalEventListenerFactory
2019-03-03 23:56:32.317 [ restartedMain ] - [ INFO  ] [ c.e.d.e.MyApplicationContextInitializer3 : 18 ] - ****:6
2019-03-03 23:56:32.327 [ restartedMain ] - [ INFO  ] [ c.e.d.e.MyApplicationContextInitializer : 18 ] - bean count:6
2019-03-03 23:56:32.339 [ restartedMain ] - [ INFO  ] [ com.example.demo.DemoApplication : 50 ] - Starting DemoApplication on LAPTOP-DKU2JHJT with PID 22308 (F:\IDEA_WorkSpace\demo\target\classes started by zhaoyue in F:\IDEA_WorkSpace\demo)
2019-03-03 23:56:32.340 [ restartedMain ] - [ INFO  ] [ com.example.demo.DemoApplication : 679 ] - The following profiles are active: dev
2019-03-03 23:56:40.117 [ restartedMain ] - [ INFO  ] [ com.example.demo.tomcat.WebServerConfiguration : 26 ] - 自定义配置tomcat启用
2019-03-03 23:56:40.659 [ restartedMain ] - [ INFO  ] [ org.apache.coyote.http11.Http11NioProtocol : 173 ] - Initializing ProtocolHandler ["http-nio-192.168.81.1-8079"]
2019-03-03 23:56:40.684 [ restartedMain ] - [ INFO  ] [ org.apache.catalina.core.StandardService : 173 ] - Starting service [Tomcat]
2019-03-03 23:56:40.685 [ restartedMain ] - [ INFO  ] [ org.apache.catalina.core.StandardEngine : 173 ] - Starting Servlet engine: [Apache Tomcat/9.0.16]
2019-03-03 23:56:40.716 [ restartedMain ] - [ INFO  ] [ org.apache.catalina.core.AprLifecycleListener : 173 ] - The APR based Apache Tomcat Native library which allows optimal performance in production environments was not found on the java.library.path: [C:\Program Files\Java\jdk1.8.0_202\bin;C:\Windows\Sun\Java\bin;C:\Windows\system32;C:\Windows;F:\apache-maven-3.6.0\bin\;C:\Program Files (x86)\Common Files\Oracle\Java\javapath;C:\Program Files (x86)\Intel\Intel(R) Management Engine Components\iCLS\;C:\Program Files\Intel\Intel(R) Management Engine Components\iCLS\;C:\Windows\system32;C:\Windows;C:\Windows\System32\Wbem;C:\Windows\System32\WindowsPowerShell\v1.0\;C:\Windows\System32\OpenSSH\;C:\Program Files (x86)\Intel\Intel(R) Management Engine Components\DAL;C:\Program Files\Intel\Intel(R) Management Engine Components\DAL;C:\Program Files (x86)\Intel\Intel(R) Management Engine Components\IPT;C:\Program Files\Intel\Intel(R) Management Engine Components\IPT;C:\Program Files (x86)\NVIDIA Corporation\PhysX\Common;%JAVA_HOME%\bin;%JAVA_HOME%\jre\bin;C:\Program Files\MySQL\MySQL Utilities 1.6\;%CATALINA_HOME%\bin;%CATALINA_HOME%\lib;E:\nodeJs\安装目录\;E:\Git\cmd;F:\Redis\安装目录\;F:\MongoDB\bin;C:\Users\zhaoyue\AppData\Local\Microsoft\WindowsApps;;D:\IntelliJIDEA2018.3.4\IntelliJ IDEA 2018.3.4\bin;;C:\Users\zhaoyue\AppData\Roaming\npm;.]
2019-03-03 23:56:41.321 [ restartedMain ] - [ INFO  ] [ o.a.c.core.ContainerBase.[Tomcat].[localhost].[/] : 173 ] - Initializing Spring embedded WebApplicationContext
2019-03-03 23:56:42.967 [ restartedMain ] - [ INFO  ] [ com.alibaba.druid.pool.DruidDataSource : 947 ] - {dataSource-1} inited
2019-03-03 23:56:43.369 [ restartedMain ] - [ INFO  ] [ org.hibernate.jpa.internal.util.LogHelper : 31 ] - HHH000204: Processing PersistenceUnitInfo [
	name: default
	...]
2019-03-03 23:56:43.544 [ restartedMain ] - [ INFO  ] [ org.hibernate.Version : 46 ] - HHH000412: Hibernate Core {5.3.7.Final}
2019-03-03 23:56:43.548 [ restartedMain ] - [ INFO  ] [ org.hibernate.cfg.Environment : 213 ] - HHH000206: hibernate.properties not found
2019-03-03 23:56:43.977 [ restartedMain ] - [ INFO  ] [ org.hibernate.annotations.common.Version : 49 ] - HCANN000001: Hibernate Commons Annotations {5.0.4.Final}
2019-03-03 23:56:44.349 [ restartedMain ] - [ INFO  ] [ org.hibernate.dialect.Dialect : 157 ] - HHH000400: Using dialect: org.hibernate.dialect.MySQLDialect
2019-03-03 23:56:51.625 [ restartedMain ] - [ INFO  ] [ org.mongodb.driver.cluster : 71 ] - Cluster created with settings {hosts=[localhost:27017], mode=SINGLE, requiredClusterType=UNKNOWN, serverSelectionTimeout='30000 ms', maxWaitQueueSize=500}
2019-03-03 23:56:51.797 [ cluster-ClusterId{value='5c7bf943894877572440f8bf', description='null'}-localhost:27017 ] - [ INFO  ] [ org.mongodb.driver.connection : 71 ] - Opened connection [connectionId{localValue:1, serverValue:25}] to localhost:27017
2019-03-03 23:56:51.809 [ cluster-ClusterId{value='5c7bf943894877572440f8bf', description='null'}-localhost:27017 ] - [ INFO  ] [ org.mongodb.driver.cluster : 71 ] - Monitor thread successfully connected to server with description ServerDescription{address=localhost:27017, type=STANDALONE, state=CONNECTED, ok=true, version=ServerVersion{versionList=[4, 0, 6]}, minWireVersion=0, maxWireVersion=7, maxDocumentSize=16777216, logicalSessionTimeoutMinutes=30, roundTripTimeNanos=8332526}
2019-03-03 23:56:54.774 [ restartedMain ] - [ INFO  ] [ org.apache.coyote.http11.Http11NioProtocol : 173 ] - Starting ProtocolHandler ["http-nio-192.168.81.1-8079"]
2019-03-03 23:56:54.849 [ restartedMain ] - [ INFO  ] [ com.example.demo.DemoApplication : 59 ] - Started DemoApplication in 24.674 seconds (JVM running for 28.134)
2019-03-03 23:56:54.858 [ restartedMain ] - [ INFO  ] [ c.e.demo.extendedanalysis.MyCommandLineRunner : 21 ] - 应用已启动
2019-03-03 23:56:54.863 [ restartedMain ] - [ INFO  ] [ com.example.demo.event.MyEventHandle : 22 ] - MyEventHandle接收到事件：class com.example.demo.event.MyApplicationEvent
2019-03-03 23:56:54.864 [ restartedMain ] - [ INFO  ] [ com.example.demo.event.MyApplicationListener : 19 ] - MyApplicationListener接收到事件：class com.example.demo.event.MyApplicationEvent
2019-03-03 23:57:04.440 [ http-nio-192.168.81.1-8079-exec-1 ] - [ INFO  ] [ o.a.c.core.ContainerBase.[Tomcat].[localhost].[/] : 173 ] - Initializing Spring DispatcherServlet 'dispatcherServlet'
2019-03-03 23:59:33.163 [ restartedMain ] - [ INFO  ] [ c.e.d.e.MyApplicationContextInitializer2 : 19 ] - bean name is:org.springframework.context.annotation.internalConfigurationAnnotationProcessor
2019-03-03 23:59:33.175 [ restartedMain ] - [ INFO  ] [ c.e.d.e.MyApplicationContextInitializer2 : 19 ] - bean name is:org.springframework.context.annotation.internalAutowiredAnnotationProcessor
2019-03-03 23:59:33.176 [ restartedMain ] - [ INFO  ] [ c.e.d.e.MyApplicationContextInitializer2 : 19 ] - bean name is:org.springframework.context.annotation.internalCommonAnnotationProcessor
2019-03-03 23:59:33.176 [ restartedMain ] - [ INFO  ] [ c.e.d.e.MyApplicationContextInitializer2 : 19 ] - bean name is:org.springframework.context.annotation.internalPersistenceAnnotationProcessor
2019-03-03 23:59:33.177 [ restartedMain ] - [ INFO  ] [ c.e.d.e.MyApplicationContextInitializer2 : 19 ] - bean name is:org.springframework.context.event.internalEventListenerProcessor
2019-03-03 23:59:33.177 [ restartedMain ] - [ INFO  ] [ c.e.d.e.MyApplicationContextInitializer2 : 19 ] - bean name is:org.springframework.context.event.internalEventListenerFactory
2019-03-03 23:59:33.182 [ restartedMain ] - [ INFO  ] [ c.e.d.e.MyApplicationContextInitializer3 : 18 ] - ****:6
2019-03-03 23:59:33.190 [ restartedMain ] - [ INFO  ] [ c.e.d.e.MyApplicationContextInitializer : 18 ] - bean count:6
2019-03-03 23:59:33.198 [ restartedMain ] - [ INFO  ] [ com.example.demo.DemoApplication : 50 ] - Starting DemoApplication on LAPTOP-DKU2JHJT with PID 19480 (F:\IDEA_WorkSpace\demo\target\classes started by zhaoyue in F:\IDEA_WorkSpace\demo)
2019-03-03 23:59:33.199 [ restartedMain ] - [ INFO  ] [ com.example.demo.DemoApplication : 679 ] - The following profiles are active: dev
2019-03-03 23:59:40.653 [ restartedMain ] - [ INFO  ] [ com.example.demo.tomcat.WebServerConfiguration : 26 ] - 自定义配置tomcat启用
2019-03-03 23:59:41.347 [ restartedMain ] - [ INFO  ] [ org.apache.coyote.http11.Http11NioProtocol : 173 ] - Initializing ProtocolHandler ["http-nio-192.168.81.1-8079"]
2019-03-03 23:59:41.385 [ restartedMain ] - [ INFO  ] [ org.apache.catalina.core.StandardService : 173 ] - Starting service [Tomcat]
2019-03-03 23:59:41.386 [ restartedMain ] - [ INFO  ] [ org.apache.catalina.core.StandardEngine : 173 ] - Starting Servlet engine: [Apache Tomcat/9.0.16]
2019-03-03 23:59:41.414 [ restartedMain ] - [ INFO  ] [ org.apache.catalina.core.AprLifecycleListener : 173 ] - The APR based Apache Tomcat Native library which allows optimal performance in production environments was not found on the java.library.path: [C:\Program Files\Java\jdk1.8.0_202\bin;C:\Windows\Sun\Java\bin;C:\Windows\system32;C:\Windows;F:\apache-maven-3.6.0\bin\;C:\Program Files (x86)\Common Files\Oracle\Java\javapath;C:\Program Files (x86)\Intel\Intel(R) Management Engine Components\iCLS\;C:\Program Files\Intel\Intel(R) Management Engine Components\iCLS\;C:\Windows\system32;C:\Windows;C:\Windows\System32\Wbem;C:\Windows\System32\WindowsPowerShell\v1.0\;C:\Windows\System32\OpenSSH\;C:\Program Files (x86)\Intel\Intel(R) Management Engine Components\DAL;C:\Program Files\Intel\Intel(R) Management Engine Components\DAL;C:\Program Files (x86)\Intel\Intel(R) Management Engine Components\IPT;C:\Program Files\Intel\Intel(R) Management Engine Components\IPT;C:\Program Files (x86)\NVIDIA Corporation\PhysX\Common;%JAVA_HOME%\bin;%JAVA_HOME%\jre\bin;C:\Program Files\MySQL\MySQL Utilities 1.6\;%CATALINA_HOME%\bin;%CATALINA_HOME%\lib;E:\nodeJs\安装目录\;E:\Git\cmd;F:\Redis\安装目录\;F:\MongoDB\bin;C:\Users\zhaoyue\AppData\Local\Microsoft\WindowsApps;;D:\IntelliJIDEA2018.3.4\IntelliJ IDEA 2018.3.4\bin;;C:\Users\zhaoyue\AppData\Roaming\npm;.]
2019-03-03 23:59:42.048 [ restartedMain ] - [ INFO  ] [ o.a.c.core.ContainerBase.[Tomcat].[localhost].[/] : 173 ] - Initializing Spring embedded WebApplicationContext
2019-03-03 23:59:43.778 [ restartedMain ] - [ INFO  ] [ com.alibaba.druid.pool.DruidDataSource : 947 ] - {dataSource-1} inited
2019-03-03 23:59:44.282 [ restartedMain ] - [ INFO  ] [ org.hibernate.jpa.internal.util.LogHelper : 31 ] - HHH000204: Processing PersistenceUnitInfo [
	name: default
	...]
2019-03-03 23:59:44.468 [ restartedMain ] - [ INFO  ] [ org.hibernate.Version : 46 ] - HHH000412: Hibernate Core {5.3.7.Final}
2019-03-03 23:59:44.472 [ restartedMain ] - [ INFO  ] [ org.hibernate.cfg.Environment : 213 ] - HHH000206: hibernate.properties not found
2019-03-03 23:59:45.044 [ restartedMain ] - [ INFO  ] [ org.hibernate.annotations.common.Version : 49 ] - HCANN000001: Hibernate Commons Annotations {5.0.4.Final}
2019-03-03 23:59:45.539 [ restartedMain ] - [ INFO  ] [ org.hibernate.dialect.Dialect : 157 ] - HHH000400: Using dialect: org.hibernate.dialect.MySQLDialect
2019-03-03 23:59:52.949 [ restartedMain ] - [ INFO  ] [ org.mongodb.driver.cluster : 71 ] - Cluster created with settings {hosts=[localhost:27017], mode=SINGLE, requiredClusterType=UNKNOWN, serverSelectionTimeout='30000 ms', maxWaitQueueSize=500}
2019-03-03 23:59:53.118 [ cluster-ClusterId{value='5c7bf9f88948774c18decdce', description='null'}-localhost:27017 ] - [ INFO  ] [ org.mongodb.driver.connection : 71 ] - Opened connection [connectionId{localValue:1, serverValue:26}] to localhost:27017
2019-03-03 23:59:53.140 [ cluster-ClusterId{value='5c7bf9f88948774c18decdce', description='null'}-localhost:27017 ] - [ INFO  ] [ org.mongodb.driver.cluster : 71 ] - Monitor thread successfully connected to server with description ServerDescription{address=localhost:27017, type=STANDALONE, state=CONNECTED, ok=true, version=ServerVersion{versionList=[4, 0, 6]}, minWireVersion=0, maxWireVersion=7, maxDocumentSize=16777216, logicalSessionTimeoutMinutes=30, roundTripTimeNanos=14949108}
2019-03-03 23:59:55.476 [ restartedMain ] - [ INFO  ] [ org.apache.coyote.http11.Http11NioProtocol : 173 ] - Starting ProtocolHandler ["http-nio-192.168.81.1-8079"]
2019-03-03 23:59:55.526 [ restartedMain ] - [ INFO  ] [ com.example.demo.DemoApplication : 59 ] - Started DemoApplication in 24.091 seconds (JVM running for 26.84)
2019-03-03 23:59:55.531 [ restartedMain ] - [ INFO  ] [ c.e.demo.extendedanalysis.MyCommandLineRunner : 21 ] - 应用已启动
2019-03-03 23:59:55.534 [ restartedMain ] - [ INFO  ] [ com.example.demo.event.MyEventHandle : 22 ] - MyEventHandle接收到事件：class com.example.demo.event.MyApplicationEvent
2019-03-03 23:59:55.535 [ restartedMain ] - [ INFO  ] [ com.example.demo.event.MyApplicationListener : 19 ] - MyApplicationListener接收到事件：class com.example.demo.event.MyApplicationEvent
